<?xml version="1.0" encoding="UTF-8"?>
<testsuite xmlns:xsi="http://www.w3.org/2001/XMLSchema-instance" xsi:noNamespaceSchemaLocation="https://maven.apache.org/surefire/maven-surefire-plugin/xsd/surefire-test-report.xsd" name="com.yunhan.admin.AdminApplicationTests" time="33.832" tests="1" errors="0" skipped="0" failures="0">
  <properties>
    <property name="sun.desktop" value="windows"/>
    <property name="awt.toolkit" value="sun.awt.windows.WToolkit"/>
    <property name="file.encoding.pkg" value="sun.io"/>
    <property name="java.specification.version" value="1.8"/>
    <property name="sun.cpu.isalist" value="amd64"/>
    <property name="sun.jnu.encoding" value="GBK"/>
    <property name="java.class.path" value="D:\Y2\yunhans\target\test-classes;D:\Y2\yunhans\target\classes;D:\bdqn\Y2\01-maven-code\localRepository\org\springframework\boot\spring-boot-starter-thymeleaf\2.0.3.RELEASE\spring-boot-starter-thymeleaf-2.0.3.RELEASE.jar;D:\bdqn\Y2\01-maven-code\localRepository\org\springframework\boot\spring-boot-starter\2.0.3.RELEASE\spring-boot-starter-2.0.3.RELEASE.jar;D:\bdqn\Y2\01-maven-code\localRepository\org\springframework\boot\spring-boot-starter-logging\2.0.3.RELEASE\spring-boot-starter-logging-2.0.3.RELEASE.jar;D:\bdqn\Y2\01-maven-code\localRepository\ch\qos\logback\logback-classic\1.2.3\logback-classic-1.2.3.jar;D:\bdqn\Y2\01-maven-code\localRepository\ch\qos\logback\logback-core\1.2.3\logback-core-1.2.3.jar;D:\bdqn\Y2\01-maven-code\localRepository\org\apache\logging\log4j\log4j-to-slf4j\2.10.0\log4j-to-slf4j-2.10.0.jar;D:\bdqn\Y2\01-maven-code\localRepository\org\apache\logging\log4j\log4j-api\2.10.0\log4j-api-2.10.0.jar;D:\bdqn\Y2\01-maven-code\localRepository\org\slf4j\jul-to-slf4j\1.7.25\jul-to-slf4j-1.7.25.jar;D:\bdqn\Y2\01-maven-code\localRepository\javax\annotation\javax.annotation-api\1.3.2\javax.annotation-api-1.3.2.jar;D:\bdqn\Y2\01-maven-code\localRepository\org\yaml\snakeyaml\1.19\snakeyaml-1.19.jar;D:\bdqn\Y2\01-maven-code\localRepository\org\thymeleaf\thymeleaf-spring5\3.0.9.RELEASE\thymeleaf-spring5-3.0.9.RELEASE.jar;D:\bdqn\Y2\01-maven-code\localRepository\org\thymeleaf\thymeleaf\3.0.9.RELEASE\thymeleaf-3.0.9.RELEASE.jar;D:\bdqn\Y2\01-maven-code\localRepository\org\attoparser\attoparser\2.0.4.RELEASE\attoparser-2.0.4.RELEASE.jar;D:\bdqn\Y2\01-maven-code\localRepository\org\unbescape\unbescape\1.1.5.RELEASE\unbescape-1.1.5.RELEASE.jar;D:\bdqn\Y2\01-maven-code\localRepository\org\thymeleaf\extras\thymeleaf-extras-java8time\3.0.1.RELEASE\thymeleaf-extras-java8time-3.0.1.RELEASE.jar;D:\bdqn\Y2\01-maven-code\localRepository\org\springframework\boot\spring-boot-starter-web\2.0.3.RELEASE\spring-boot-starter-web-2.0.3.RELEASE.jar;D:\bdqn\Y2\01-maven-code\localRepository\org\springframework\boot\spring-boot-starter-json\2.0.3.RELEASE\spring-boot-starter-json-2.0.3.RELEASE.jar;D:\bdqn\Y2\01-maven-code\localRepository\com\fasterxml\jackson\core\jackson-databind\2.9.6\jackson-databind-2.9.6.jar;D:\bdqn\Y2\01-maven-code\localRepository\com\fasterxml\jackson\core\jackson-annotations\2.9.0\jackson-annotations-2.9.0.jar;D:\bdqn\Y2\01-maven-code\localRepository\com\fasterxml\jackson\core\jackson-core\2.9.6\jackson-core-2.9.6.jar;D:\bdqn\Y2\01-maven-code\localRepository\com\fasterxml\jackson\datatype\jackson-datatype-jdk8\2.9.6\jackson-datatype-jdk8-2.9.6.jar;D:\bdqn\Y2\01-maven-code\localRepository\com\fasterxml\jackson\datatype\jackson-datatype-jsr310\2.9.6\jackson-datatype-jsr310-2.9.6.jar;D:\bdqn\Y2\01-maven-code\localRepository\com\fasterxml\jackson\module\jackson-module-parameter-names\2.9.6\jackson-module-parameter-names-2.9.6.jar;D:\bdqn\Y2\01-maven-code\localRepository\org\springframework\boot\spring-boot-starter-tomcat\2.0.3.RELEASE\spring-boot-starter-tomcat-2.0.3.RELEASE.jar;D:\bdqn\Y2\01-maven-code\localRepository\org\apache\tomcat\embed\tomcat-embed-core\8.5.31\tomcat-embed-core-8.5.31.jar;D:\bdqn\Y2\01-maven-code\localRepository\org\apache\tomcat\embed\tomcat-embed-el\8.5.31\tomcat-embed-el-8.5.31.jar;D:\bdqn\Y2\01-maven-code\localRepository\org\apache\tomcat\embed\tomcat-embed-websocket\8.5.31\tomcat-embed-websocket-8.5.31.jar;D:\bdqn\Y2\01-maven-code\localRepository\org\hibernate\validator\hibernate-validator\6.0.10.Final\hibernate-validator-6.0.10.Final.jar;D:\bdqn\Y2\01-maven-code\localRepository\javax\validation\validation-api\2.0.1.Final\validation-api-2.0.1.Final.jar;D:\bdqn\Y2\01-maven-code\localRepository\org\jboss\logging\jboss-logging\3.3.2.Final\jboss-logging-3.3.2.Final.jar;D:\bdqn\Y2\01-maven-code\localRepository\com\fasterxml\classmate\1.3.4\classmate-1.3.4.jar;D:\bdqn\Y2\01-maven-code\localRepository\org\springframework\spring-web\5.0.7.RELEASE\spring-web-5.0.7.RELEASE.jar;D:\bdqn\Y2\01-maven-code\localRepository\org\springframework\spring-webmvc\5.0.7.RELEASE\spring-webmvc-5.0.7.RELEASE.jar;D:\bdqn\Y2\01-maven-code\localRepository\org\springframework\spring-expression\5.0.7.RELEASE\spring-expression-5.0.7.RELEASE.jar;D:\bdqn\Y2\01-maven-code\localRepository\org\springframework\boot\spring-boot-starter-aop\2.0.3.RELEASE\spring-boot-starter-aop-2.0.3.RELEASE.jar;D:\bdqn\Y2\01-maven-code\localRepository\org\springframework\spring-aop\5.0.7.RELEASE\spring-aop-5.0.7.RELEASE.jar;D:\bdqn\Y2\01-maven-code\localRepository\org\aspectj\aspectjweaver\1.8.13\aspectjweaver-1.8.13.jar;D:\bdqn\Y2\01-maven-code\localRepository\org\springframework\spring-context-support\5.0.7.RELEASE\spring-context-support-5.0.7.RELEASE.jar;D:\bdqn\Y2\01-maven-code\localRepository\org\springframework\spring-beans\5.0.7.RELEASE\spring-beans-5.0.7.RELEASE.jar;D:\bdqn\Y2\01-maven-code\localRepository\org\springframework\spring-context\5.0.7.RELEASE\spring-context-5.0.7.RELEASE.jar;D:\bdqn\Y2\01-maven-code\localRepository\org\springframework\spring-core\5.0.7.RELEASE\spring-core-5.0.7.RELEASE.jar;D:\bdqn\Y2\01-maven-code\localRepository\org\springframework\spring-jcl\5.0.7.RELEASE\spring-jcl-5.0.7.RELEASE.jar;D:\bdqn\Y2\01-maven-code\localRepository\org\springframework\boot\spring-boot-starter-test\2.0.3.RELEASE\spring-boot-starter-test-2.0.3.RELEASE.jar;D:\bdqn\Y2\01-maven-code\localRepository\org\springframework\boot\spring-boot-test\2.0.3.RELEASE\spring-boot-test-2.0.3.RELEASE.jar;D:\bdqn\Y2\01-maven-code\localRepository\org\springframework\boot\spring-boot-test-autoconfigure\2.0.3.RELEASE\spring-boot-test-autoconfigure-2.0.3.RELEASE.jar;D:\bdqn\Y2\01-maven-code\localRepository\com\jayway\jsonpath\json-path\2.4.0\json-path-2.4.0.jar;D:\bdqn\Y2\01-maven-code\localRepository\net\minidev\json-smart\2.3\json-smart-2.3.jar;D:\bdqn\Y2\01-maven-code\localRepository\net\minidev\accessors-smart\1.2\accessors-smart-1.2.jar;D:\bdqn\Y2\01-maven-code\localRepository\org\ow2\asm\asm\5.0.4\asm-5.0.4.jar;D:\bdqn\Y2\01-maven-code\localRepository\junit\junit\4.12\junit-4.12.jar;D:\bdqn\Y2\01-maven-code\localRepository\org\assertj\assertj-core\3.9.1\assertj-core-3.9.1.jar;D:\bdqn\Y2\01-maven-code\localRepository\org\mockito\mockito-core\2.15.0\mockito-core-2.15.0.jar;D:\bdqn\Y2\01-maven-code\localRepository\net\bytebuddy\byte-buddy\1.7.11\byte-buddy-1.7.11.jar;D:\bdqn\Y2\01-maven-code\localRepository\net\bytebuddy\byte-buddy-agent\1.7.11\byte-buddy-agent-1.7.11.jar;D:\bdqn\Y2\01-maven-code\localRepository\org\objenesis\objenesis\2.6\objenesis-2.6.jar;D:\bdqn\Y2\01-maven-code\localRepository\org\hamcrest\hamcrest-core\1.3\hamcrest-core-1.3.jar;D:\bdqn\Y2\01-maven-code\localRepository\org\hamcrest\hamcrest-library\1.3\hamcrest-library-1.3.jar;D:\bdqn\Y2\01-maven-code\localRepository\org\skyscreamer\jsonassert\1.5.0\jsonassert-1.5.0.jar;D:\bdqn\Y2\01-maven-code\localRepository\com\vaadin\external\google\android-json\0.0.20131108.vaadin1\android-json-0.0.20131108.vaadin1.jar;D:\bdqn\Y2\01-maven-code\localRepository\org\springframework\spring-test\5.0.7.RELEASE\spring-test-5.0.7.RELEASE.jar;D:\bdqn\Y2\01-maven-code\localRepository\org\xmlunit\xmlunit-core\2.5.1\xmlunit-core-2.5.1.jar;D:\bdqn\Y2\01-maven-code\localRepository\mysql\mysql-connector-java\5.1.46\mysql-connector-java-5.1.46.jar;D:\bdqn\Y2\01-maven-code\localRepository\org\springframework\boot\spring-boot-starter-cache\2.0.3.RELEASE\spring-boot-starter-cache-2.0.3.RELEASE.jar;D:\bdqn\Y2\01-maven-code\localRepository\org\apache\commons\commons-lang3\3.4\commons-lang3-3.4.jar;D:\bdqn\Y2\01-maven-code\localRepository\commons-codec\commons-codec\1.11\commons-codec-1.11.jar;D:\bdqn\Y2\01-maven-code\localRepository\com\alibaba\fastjson\1.2.41\fastjson-1.2.41.jar;D:\bdqn\Y2\01-maven-code\localRepository\com\baomidou\mybatis-plus-boot-starter\3.0-RC1\mybatis-plus-boot-starter-3.0-RC1.jar;D:\bdqn\Y2\01-maven-code\localRepository\com\baomidou\mybatis-plus\3.0-RC1\mybatis-plus-3.0-RC1.jar;D:\bdqn\Y2\01-maven-code\localRepository\com\baomidou\mybatis-plus-extension\3.0-RC1\mybatis-plus-extension-3.0-RC1.jar;D:\bdqn\Y2\01-maven-code\localRepository\com\baomidou\mybatis-plus-core\3.0-RC1\mybatis-plus-core-3.0-RC1.jar;D:\bdqn\Y2\01-maven-code\localRepository\com\baomidou\mybatis-plus-annotation\3.0-RC1\mybatis-plus-annotation-3.0-RC1.jar;D:\bdqn\Y2\01-maven-code\localRepository\com\github\jsqlparser\jsqlparser\1.2\jsqlparser-1.2.jar;D:\bdqn\Y2\01-maven-code\localRepository\org\mybatis\mybatis-spring\1.3.2\mybatis-spring-1.3.2.jar;D:\bdqn\Y2\01-maven-code\localRepository\org\mybatis\mybatis\3.4.6\mybatis-3.4.6.jar;D:\bdqn\Y2\01-maven-code\localRepository\com\baomidou\mybatis-plus-generator\3.0-RC1\mybatis-plus-generator-3.0-RC1.jar;D:\bdqn\Y2\01-maven-code\localRepository\org\apache\velocity\velocity-engine-core\2.0\velocity-engine-core-2.0.jar;D:\bdqn\Y2\01-maven-code\localRepository\org\freemarker\freemarker\2.3.28\freemarker-2.3.28.jar;D:\bdqn\Y2\01-maven-code\localRepository\org\springframework\boot\spring-boot-autoconfigure\2.0.3.RELEASE\spring-boot-autoconfigure-2.0.3.RELEASE.jar;D:\bdqn\Y2\01-maven-code\localRepository\org\springframework\boot\spring-boot-starter-jdbc\2.0.3.RELEASE\spring-boot-starter-jdbc-2.0.3.RELEASE.jar;D:\bdqn\Y2\01-maven-code\localRepository\com\zaxxer\HikariCP\2.7.9\HikariCP-2.7.9.jar;D:\bdqn\Y2\01-maven-code\localRepository\org\springframework\spring-jdbc\5.0.7.RELEASE\spring-jdbc-5.0.7.RELEASE.jar;D:\bdqn\Y2\01-maven-code\localRepository\org\springframework\boot\spring-boot-configuration-processor\2.0.3.RELEASE\spring-boot-configuration-processor-2.0.3.RELEASE.jar;D:\bdqn\Y2\01-maven-code\localRepository\org\apache\shiro\shiro-web\1.4.0\shiro-web-1.4.0.jar;D:\bdqn\Y2\01-maven-code\localRepository\org\apache\shiro\shiro-cas\1.4.0\shiro-cas-1.4.0.jar;D:\bdqn\Y2\01-maven-code\localRepository\org\jasig\cas\client\cas-client-core\3.2.2\cas-client-core-3.2.2.jar;D:\bdqn\Y2\01-maven-code\localRepository\commons-logging\commons-logging\1.1\commons-logging-1.1.jar;D:\bdqn\Y2\01-maven-code\localRepository\javax\servlet\servlet-api\2.3\servlet-api-2.3.jar;D:\bdqn\Y2\01-maven-code\localRepository\org\apache\shiro\shiro-core\1.4.0\shiro-core-1.4.0.jar;D:\bdqn\Y2\01-maven-code\localRepository\org\apache\shiro\shiro-lang\1.4.0\shiro-lang-1.4.0.jar;D:\bdqn\Y2\01-maven-code\localRepository\org\apache\shiro\shiro-cache\1.4.0\shiro-cache-1.4.0.jar;D:\bdqn\Y2\01-maven-code\localRepository\org\apache\shiro\shiro-crypto-hash\1.4.0\shiro-crypto-hash-1.4.0.jar;D:\bdqn\Y2\01-maven-code\localRepository\org\apache\shiro\shiro-crypto-core\1.4.0\shiro-crypto-core-1.4.0.jar;D:\bdqn\Y2\01-maven-code\localRepository\org\apache\shiro\shiro-crypto-cipher\1.4.0\shiro-crypto-cipher-1.4.0.jar;D:\bdqn\Y2\01-maven-code\localRepository\org\apache\shiro\shiro-config-core\1.4.0\shiro-config-core-1.4.0.jar;D:\bdqn\Y2\01-maven-code\localRepository\org\apache\shiro\shiro-config-ogdl\1.4.0\shiro-config-ogdl-1.4.0.jar;D:\bdqn\Y2\01-maven-code\localRepository\commons-beanutils\commons-beanutils\1.9.3\commons-beanutils-1.9.3.jar;D:\bdqn\Y2\01-maven-code\localRepository\commons-collections\commons-collections\3.2.2\commons-collections-3.2.2.jar;D:\bdqn\Y2\01-maven-code\localRepository\org\apache\shiro\shiro-event\1.4.0\shiro-event-1.4.0.jar;D:\bdqn\Y2\01-maven-code\localRepository\org\apache\shiro\shiro-spring\1.4.0\shiro-spring-1.4.0.jar;D:\bdqn\Y2\01-maven-code\localRepository\org\apache\shiro\shiro-ehcache\1.4.0\shiro-ehcache-1.4.0.jar;D:\bdqn\Y2\01-maven-code\localRepository\net\sf\ehcache\ehcache-core\2.6.11\ehcache-core-2.6.11.jar;D:\bdqn\Y2\01-maven-code\localRepository\org\crazycake\shiro-redis\3.1.0\shiro-redis-3.1.0.jar;D:\bdqn\Y2\01-maven-code\localRepository\redis\clients\jedis\2.9.0\jedis-2.9.0.jar;D:\bdqn\Y2\01-maven-code\localRepository\org\slf4j\slf4j-api\1.7.25\slf4j-api-1.7.25.jar;D:\bdqn\Y2\01-maven-code\localRepository\com\puppycrawl\tools\checkstyle\8.3\checkstyle-8.3.jar;D:\bdqn\Y2\01-maven-code\localRepository\antlr\antlr\2.7.7\antlr-2.7.7.jar;D:\bdqn\Y2\01-maven-code\localRepository\org\antlr\antlr4-runtime\4.7\antlr4-runtime-4.7.jar;D:\bdqn\Y2\01-maven-code\localRepository\commons-cli\commons-cli\1.4\commons-cli-1.4.jar;D:\bdqn\Y2\01-maven-code\localRepository\com\google\guava\guava\23.0\guava-23.0.jar;D:\bdqn\Y2\01-maven-code\localRepository\com\google\code\findbugs\jsr305\1.3.9\jsr305-1.3.9.jar;D:\bdqn\Y2\01-maven-code\localRepository\com\google\errorprone\error_prone_annotations\2.0.18\error_prone_annotations-2.0.18.jar;D:\bdqn\Y2\01-maven-code\localRepository\com\google\j2objc\j2objc-annotations\1.1\j2objc-annotations-1.1.jar;D:\bdqn\Y2\01-maven-code\localRepository\org\codehaus\mojo\animal-sniffer-annotations\1.14\animal-sniffer-annotations-1.14.jar;D:\bdqn\Y2\01-maven-code\localRepository\net\sf\saxon\Saxon-HE\9.8.0-4\Saxon-HE-9.8.0-4.jar;C:\Program Files\Java\jdk1.8.0_162\jre\..\lib\tools.jar;D:\bdqn\Y2\01-maven-code\localRepository\com\github\theborakompanioni\thymeleaf-extras-shiro\2.0.0\thymeleaf-extras-shiro-2.0.0.jar;D:\bdqn\Y2\01-maven-code\localRepository\com\cuisongliu\kaptcha-spring-boot-autoconfigure\1.3\kaptcha-spring-boot-autoconfigure-1.3.jar;D:\bdqn\Y2\01-maven-code\localRepository\com\github\penggle\kaptcha\2.3.2\kaptcha-2.3.2.jar;D:\bdqn\Y2\01-maven-code\localRepository\com\jhlabs\filters\2.0.235-1\filters-2.0.235-1.jar;D:\bdqn\Y2\01-maven-code\localRepository\org\springframework\boot\spring-boot-devtools\2.0.3.RELEASE\spring-boot-devtools-2.0.3.RELEASE.jar;D:\bdqn\Y2\01-maven-code\localRepository\org\springframework\boot\spring-boot\2.0.3.RELEASE\spring-boot-2.0.3.RELEASE.jar;D:\bdqn\Y2\01-maven-code\localRepository\org\springframework\boot\spring-boot-starter-data-redis\2.0.3.RELEASE\spring-boot-starter-data-redis-2.0.3.RELEASE.jar;D:\bdqn\Y2\01-maven-code\localRepository\org\springframework\data\spring-data-redis\2.0.8.RELEASE\spring-data-redis-2.0.8.RELEASE.jar;D:\bdqn\Y2\01-maven-code\localRepository\org\springframework\data\spring-data-keyvalue\2.0.8.RELEASE\spring-data-keyvalue-2.0.8.RELEASE.jar;D:\bdqn\Y2\01-maven-code\localRepository\org\springframework\data\spring-data-commons\2.0.8.RELEASE\spring-data-commons-2.0.8.RELEASE.jar;D:\bdqn\Y2\01-maven-code\localRepository\org\springframework\spring-tx\5.0.7.RELEASE\spring-tx-5.0.7.RELEASE.jar;D:\bdqn\Y2\01-maven-code\localRepository\org\springframework\spring-oxm\5.0.7.RELEASE\spring-oxm-5.0.7.RELEASE.jar;D:\bdqn\Y2\01-maven-code\localRepository\io\lettuce\lettuce-core\5.0.4.RELEASE\lettuce-core-5.0.4.RELEASE.jar;D:\bdqn\Y2\01-maven-code\localRepository\io\projectreactor\reactor-core\3.1.8.RELEASE\reactor-core-3.1.8.RELEASE.jar;D:\bdqn\Y2\01-maven-code\localRepository\org\reactivestreams\reactive-streams\1.0.2\reactive-streams-1.0.2.jar;D:\bdqn\Y2\01-maven-code\localRepository\io\netty\netty-common\4.1.25.Final\netty-common-4.1.25.Final.jar;D:\bdqn\Y2\01-maven-code\localRepository\io\netty\netty-transport\4.1.25.Final\netty-transport-4.1.25.Final.jar;D:\bdqn\Y2\01-maven-code\localRepository\io\netty\netty-buffer\4.1.25.Final\netty-buffer-4.1.25.Final.jar;D:\bdqn\Y2\01-maven-code\localRepository\io\netty\netty-resolver\4.1.25.Final\netty-resolver-4.1.25.Final.jar;D:\bdqn\Y2\01-maven-code\localRepository\io\netty\netty-handler\4.1.25.Final\netty-handler-4.1.25.Final.jar;D:\bdqn\Y2\01-maven-code\localRepository\io\netty\netty-codec\4.1.25.Final\netty-codec-4.1.25.Final.jar;D:\bdqn\Y2\01-maven-code\localRepository\org\apache\commons\commons-pool2\2.5.0\commons-pool2-2.5.0.jar;"/>
    <property name="java.vm.vendor" value="Oracle Corporation"/>
    <property name="sun.arch.data.model" value="64"/>
    <property name="user.variant" value=""/>
    <property name="java.vendor.url" value="http://java.oracle.com/"/>
    <property name="user.timezone" value=""/>
    <property name="java.vm.specification.version" value="1.8"/>
    <property name="os.name" value="Windows 10"/>
    <property name="user.country" value="CN"/>
    <property name="sun.java.launcher" value="SUN_STANDARD"/>
    <property name="sun.boot.library.path" value="C:\Program Files\Java\jdk1.8.0_162\jre\bin"/>
    <property name="sun.java.command" value="C:\Users\团\AppData\Local\Temp\surefire2330734214180840391\surefirebooter7603921692513462009.jar C:\Users\团\AppData\Local\Temp\surefire2330734214180840391 2020-11-28T09-51-17_318-jvmRun1 surefire1641669043192692829tmp surefire_03129941903806460018tmp"/>
    <property name="surefire.test.class.path" value="D:\Y2\yunhans\target\test-classes;D:\Y2\yunhans\target\classes;D:\bdqn\Y2\01-maven-code\localRepository\org\springframework\boot\spring-boot-starter-thymeleaf\2.0.3.RELEASE\spring-boot-starter-thymeleaf-2.0.3.RELEASE.jar;D:\bdqn\Y2\01-maven-code\localRepository\org\springframework\boot\spring-boot-starter\2.0.3.RELEASE\spring-boot-starter-2.0.3.RELEASE.jar;D:\bdqn\Y2\01-maven-code\localRepository\org\springframework\boot\spring-boot-starter-logging\2.0.3.RELEASE\spring-boot-starter-logging-2.0.3.RELEASE.jar;D:\bdqn\Y2\01-maven-code\localRepository\ch\qos\logback\logback-classic\1.2.3\logback-classic-1.2.3.jar;D:\bdqn\Y2\01-maven-code\localRepository\ch\qos\logback\logback-core\1.2.3\logback-core-1.2.3.jar;D:\bdqn\Y2\01-maven-code\localRepository\org\apache\logging\log4j\log4j-to-slf4j\2.10.0\log4j-to-slf4j-2.10.0.jar;D:\bdqn\Y2\01-maven-code\localRepository\org\apache\logging\log4j\log4j-api\2.10.0\log4j-api-2.10.0.jar;D:\bdqn\Y2\01-maven-code\localRepository\org\slf4j\jul-to-slf4j\1.7.25\jul-to-slf4j-1.7.25.jar;D:\bdqn\Y2\01-maven-code\localRepository\javax\annotation\javax.annotation-api\1.3.2\javax.annotation-api-1.3.2.jar;D:\bdqn\Y2\01-maven-code\localRepository\org\yaml\snakeyaml\1.19\snakeyaml-1.19.jar;D:\bdqn\Y2\01-maven-code\localRepository\org\thymeleaf\thymeleaf-spring5\3.0.9.RELEASE\thymeleaf-spring5-3.0.9.RELEASE.jar;D:\bdqn\Y2\01-maven-code\localRepository\org\thymeleaf\thymeleaf\3.0.9.RELEASE\thymeleaf-3.0.9.RELEASE.jar;D:\bdqn\Y2\01-maven-code\localRepository\org\attoparser\attoparser\2.0.4.RELEASE\attoparser-2.0.4.RELEASE.jar;D:\bdqn\Y2\01-maven-code\localRepository\org\unbescape\unbescape\1.1.5.RELEASE\unbescape-1.1.5.RELEASE.jar;D:\bdqn\Y2\01-maven-code\localRepository\org\thymeleaf\extras\thymeleaf-extras-java8time\3.0.1.RELEASE\thymeleaf-extras-java8time-3.0.1.RELEASE.jar;D:\bdqn\Y2\01-maven-code\localRepository\org\springframework\boot\spring-boot-starter-web\2.0.3.RELEASE\spring-boot-starter-web-2.0.3.RELEASE.jar;D:\bdqn\Y2\01-maven-code\localRepository\org\springframework\boot\spring-boot-starter-json\2.0.3.RELEASE\spring-boot-starter-json-2.0.3.RELEASE.jar;D:\bdqn\Y2\01-maven-code\localRepository\com\fasterxml\jackson\core\jackson-databind\2.9.6\jackson-databind-2.9.6.jar;D:\bdqn\Y2\01-maven-code\localRepository\com\fasterxml\jackson\core\jackson-annotations\2.9.0\jackson-annotations-2.9.0.jar;D:\bdqn\Y2\01-maven-code\localRepository\com\fasterxml\jackson\core\jackson-core\2.9.6\jackson-core-2.9.6.jar;D:\bdqn\Y2\01-maven-code\localRepository\com\fasterxml\jackson\datatype\jackson-datatype-jdk8\2.9.6\jackson-datatype-jdk8-2.9.6.jar;D:\bdqn\Y2\01-maven-code\localRepository\com\fasterxml\jackson\datatype\jackson-datatype-jsr310\2.9.6\jackson-datatype-jsr310-2.9.6.jar;D:\bdqn\Y2\01-maven-code\localRepository\com\fasterxml\jackson\module\jackson-module-parameter-names\2.9.6\jackson-module-parameter-names-2.9.6.jar;D:\bdqn\Y2\01-maven-code\localRepository\org\springframework\boot\spring-boot-starter-tomcat\2.0.3.RELEASE\spring-boot-starter-tomcat-2.0.3.RELEASE.jar;D:\bdqn\Y2\01-maven-code\localRepository\org\apache\tomcat\embed\tomcat-embed-core\8.5.31\tomcat-embed-core-8.5.31.jar;D:\bdqn\Y2\01-maven-code\localRepository\org\apache\tomcat\embed\tomcat-embed-el\8.5.31\tomcat-embed-el-8.5.31.jar;D:\bdqn\Y2\01-maven-code\localRepository\org\apache\tomcat\embed\tomcat-embed-websocket\8.5.31\tomcat-embed-websocket-8.5.31.jar;D:\bdqn\Y2\01-maven-code\localRepository\org\hibernate\validator\hibernate-validator\6.0.10.Final\hibernate-validator-6.0.10.Final.jar;D:\bdqn\Y2\01-maven-code\localRepository\javax\validation\validation-api\2.0.1.Final\validation-api-2.0.1.Final.jar;D:\bdqn\Y2\01-maven-code\localRepository\org\jboss\logging\jboss-logging\3.3.2.Final\jboss-logging-3.3.2.Final.jar;D:\bdqn\Y2\01-maven-code\localRepository\com\fasterxml\classmate\1.3.4\classmate-1.3.4.jar;D:\bdqn\Y2\01-maven-code\localRepository\org\springframework\spring-web\5.0.7.RELEASE\spring-web-5.0.7.RELEASE.jar;D:\bdqn\Y2\01-maven-code\localRepository\org\springframework\spring-webmvc\5.0.7.RELEASE\spring-webmvc-5.0.7.RELEASE.jar;D:\bdqn\Y2\01-maven-code\localRepository\org\springframework\spring-expression\5.0.7.RELEASE\spring-expression-5.0.7.RELEASE.jar;D:\bdqn\Y2\01-maven-code\localRepository\org\springframework\boot\spring-boot-starter-aop\2.0.3.RELEASE\spring-boot-starter-aop-2.0.3.RELEASE.jar;D:\bdqn\Y2\01-maven-code\localRepository\org\springframework\spring-aop\5.0.7.RELEASE\spring-aop-5.0.7.RELEASE.jar;D:\bdqn\Y2\01-maven-code\localRepository\org\aspectj\aspectjweaver\1.8.13\aspectjweaver-1.8.13.jar;D:\bdqn\Y2\01-maven-code\localRepository\org\springframework\spring-context-support\5.0.7.RELEASE\spring-context-support-5.0.7.RELEASE.jar;D:\bdqn\Y2\01-maven-code\localRepository\org\springframework\spring-beans\5.0.7.RELEASE\spring-beans-5.0.7.RELEASE.jar;D:\bdqn\Y2\01-maven-code\localRepository\org\springframework\spring-context\5.0.7.RELEASE\spring-context-5.0.7.RELEASE.jar;D:\bdqn\Y2\01-maven-code\localRepository\org\springframework\spring-core\5.0.7.RELEASE\spring-core-5.0.7.RELEASE.jar;D:\bdqn\Y2\01-maven-code\localRepository\org\springframework\spring-jcl\5.0.7.RELEASE\spring-jcl-5.0.7.RELEASE.jar;D:\bdqn\Y2\01-maven-code\localRepository\org\springframework\boot\spring-boot-starter-test\2.0.3.RELEASE\spring-boot-starter-test-2.0.3.RELEASE.jar;D:\bdqn\Y2\01-maven-code\localRepository\org\springframework\boot\spring-boot-test\2.0.3.RELEASE\spring-boot-test-2.0.3.RELEASE.jar;D:\bdqn\Y2\01-maven-code\localRepository\org\springframework\boot\spring-boot-test-autoconfigure\2.0.3.RELEASE\spring-boot-test-autoconfigure-2.0.3.RELEASE.jar;D:\bdqn\Y2\01-maven-code\localRepository\com\jayway\jsonpath\json-path\2.4.0\json-path-2.4.0.jar;D:\bdqn\Y2\01-maven-code\localRepository\net\minidev\json-smart\2.3\json-smart-2.3.jar;D:\bdqn\Y2\01-maven-code\localRepository\net\minidev\accessors-smart\1.2\accessors-smart-1.2.jar;D:\bdqn\Y2\01-maven-code\localRepository\org\ow2\asm\asm\5.0.4\asm-5.0.4.jar;D:\bdqn\Y2\01-maven-code\localRepository\junit\junit\4.12\junit-4.12.jar;D:\bdqn\Y2\01-maven-code\localRepository\org\assertj\assertj-core\3.9.1\assertj-core-3.9.1.jar;D:\bdqn\Y2\01-maven-code\localRepository\org\mockito\mockito-core\2.15.0\mockito-core-2.15.0.jar;D:\bdqn\Y2\01-maven-code\localRepository\net\bytebuddy\byte-buddy\1.7.11\byte-buddy-1.7.11.jar;D:\bdqn\Y2\01-maven-code\localRepository\net\bytebuddy\byte-buddy-agent\1.7.11\byte-buddy-agent-1.7.11.jar;D:\bdqn\Y2\01-maven-code\localRepository\org\objenesis\objenesis\2.6\objenesis-2.6.jar;D:\bdqn\Y2\01-maven-code\localRepository\org\hamcrest\hamcrest-core\1.3\hamcrest-core-1.3.jar;D:\bdqn\Y2\01-maven-code\localRepository\org\hamcrest\hamcrest-library\1.3\hamcrest-library-1.3.jar;D:\bdqn\Y2\01-maven-code\localRepository\org\skyscreamer\jsonassert\1.5.0\jsonassert-1.5.0.jar;D:\bdqn\Y2\01-maven-code\localRepository\com\vaadin\external\google\android-json\0.0.20131108.vaadin1\android-json-0.0.20131108.vaadin1.jar;D:\bdqn\Y2\01-maven-code\localRepository\org\springframework\spring-test\5.0.7.RELEASE\spring-test-5.0.7.RELEASE.jar;D:\bdqn\Y2\01-maven-code\localRepository\org\xmlunit\xmlunit-core\2.5.1\xmlunit-core-2.5.1.jar;D:\bdqn\Y2\01-maven-code\localRepository\mysql\mysql-connector-java\5.1.46\mysql-connector-java-5.1.46.jar;D:\bdqn\Y2\01-maven-code\localRepository\org\springframework\boot\spring-boot-starter-cache\2.0.3.RELEASE\spring-boot-starter-cache-2.0.3.RELEASE.jar;D:\bdqn\Y2\01-maven-code\localRepository\org\apache\commons\commons-lang3\3.4\commons-lang3-3.4.jar;D:\bdqn\Y2\01-maven-code\localRepository\commons-codec\commons-codec\1.11\commons-codec-1.11.jar;D:\bdqn\Y2\01-maven-code\localRepository\com\alibaba\fastjson\1.2.41\fastjson-1.2.41.jar;D:\bdqn\Y2\01-maven-code\localRepository\com\baomidou\mybatis-plus-boot-starter\3.0-RC1\mybatis-plus-boot-starter-3.0-RC1.jar;D:\bdqn\Y2\01-maven-code\localRepository\com\baomidou\mybatis-plus\3.0-RC1\mybatis-plus-3.0-RC1.jar;D:\bdqn\Y2\01-maven-code\localRepository\com\baomidou\mybatis-plus-extension\3.0-RC1\mybatis-plus-extension-3.0-RC1.jar;D:\bdqn\Y2\01-maven-code\localRepository\com\baomidou\mybatis-plus-core\3.0-RC1\mybatis-plus-core-3.0-RC1.jar;D:\bdqn\Y2\01-maven-code\localRepository\com\baomidou\mybatis-plus-annotation\3.0-RC1\mybatis-plus-annotation-3.0-RC1.jar;D:\bdqn\Y2\01-maven-code\localRepository\com\github\jsqlparser\jsqlparser\1.2\jsqlparser-1.2.jar;D:\bdqn\Y2\01-maven-code\localRepository\org\mybatis\mybatis-spring\1.3.2\mybatis-spring-1.3.2.jar;D:\bdqn\Y2\01-maven-code\localRepository\org\mybatis\mybatis\3.4.6\mybatis-3.4.6.jar;D:\bdqn\Y2\01-maven-code\localRepository\com\baomidou\mybatis-plus-generator\3.0-RC1\mybatis-plus-generator-3.0-RC1.jar;D:\bdqn\Y2\01-maven-code\localRepository\org\apache\velocity\velocity-engine-core\2.0\velocity-engine-core-2.0.jar;D:\bdqn\Y2\01-maven-code\localRepository\org\freemarker\freemarker\2.3.28\freemarker-2.3.28.jar;D:\bdqn\Y2\01-maven-code\localRepository\org\springframework\boot\spring-boot-autoconfigure\2.0.3.RELEASE\spring-boot-autoconfigure-2.0.3.RELEASE.jar;D:\bdqn\Y2\01-maven-code\localRepository\org\springframework\boot\spring-boot-starter-jdbc\2.0.3.RELEASE\spring-boot-starter-jdbc-2.0.3.RELEASE.jar;D:\bdqn\Y2\01-maven-code\localRepository\com\zaxxer\HikariCP\2.7.9\HikariCP-2.7.9.jar;D:\bdqn\Y2\01-maven-code\localRepository\org\springframework\spring-jdbc\5.0.7.RELEASE\spring-jdbc-5.0.7.RELEASE.jar;D:\bdqn\Y2\01-maven-code\localRepository\org\springframework\boot\spring-boot-configuration-processor\2.0.3.RELEASE\spring-boot-configuration-processor-2.0.3.RELEASE.jar;D:\bdqn\Y2\01-maven-code\localRepository\org\apache\shiro\shiro-web\1.4.0\shiro-web-1.4.0.jar;D:\bdqn\Y2\01-maven-code\localRepository\org\apache\shiro\shiro-cas\1.4.0\shiro-cas-1.4.0.jar;D:\bdqn\Y2\01-maven-code\localRepository\org\jasig\cas\client\cas-client-core\3.2.2\cas-client-core-3.2.2.jar;D:\bdqn\Y2\01-maven-code\localRepository\commons-logging\commons-logging\1.1\commons-logging-1.1.jar;D:\bdqn\Y2\01-maven-code\localRepository\javax\servlet\servlet-api\2.3\servlet-api-2.3.jar;D:\bdqn\Y2\01-maven-code\localRepository\org\apache\shiro\shiro-core\1.4.0\shiro-core-1.4.0.jar;D:\bdqn\Y2\01-maven-code\localRepository\org\apache\shiro\shiro-lang\1.4.0\shiro-lang-1.4.0.jar;D:\bdqn\Y2\01-maven-code\localRepository\org\apache\shiro\shiro-cache\1.4.0\shiro-cache-1.4.0.jar;D:\bdqn\Y2\01-maven-code\localRepository\org\apache\shiro\shiro-crypto-hash\1.4.0\shiro-crypto-hash-1.4.0.jar;D:\bdqn\Y2\01-maven-code\localRepository\org\apache\shiro\shiro-crypto-core\1.4.0\shiro-crypto-core-1.4.0.jar;D:\bdqn\Y2\01-maven-code\localRepository\org\apache\shiro\shiro-crypto-cipher\1.4.0\shiro-crypto-cipher-1.4.0.jar;D:\bdqn\Y2\01-maven-code\localRepository\org\apache\shiro\shiro-config-core\1.4.0\shiro-config-core-1.4.0.jar;D:\bdqn\Y2\01-maven-code\localRepository\org\apache\shiro\shiro-config-ogdl\1.4.0\shiro-config-ogdl-1.4.0.jar;D:\bdqn\Y2\01-maven-code\localRepository\commons-beanutils\commons-beanutils\1.9.3\commons-beanutils-1.9.3.jar;D:\bdqn\Y2\01-maven-code\localRepository\commons-collections\commons-collections\3.2.2\commons-collections-3.2.2.jar;D:\bdqn\Y2\01-maven-code\localRepository\org\apache\shiro\shiro-event\1.4.0\shiro-event-1.4.0.jar;D:\bdqn\Y2\01-maven-code\localRepository\org\apache\shiro\shiro-spring\1.4.0\shiro-spring-1.4.0.jar;D:\bdqn\Y2\01-maven-code\localRepository\org\apache\shiro\shiro-ehcache\1.4.0\shiro-ehcache-1.4.0.jar;D:\bdqn\Y2\01-maven-code\localRepository\net\sf\ehcache\ehcache-core\2.6.11\ehcache-core-2.6.11.jar;D:\bdqn\Y2\01-maven-code\localRepository\org\crazycake\shiro-redis\3.1.0\shiro-redis-3.1.0.jar;D:\bdqn\Y2\01-maven-code\localRepository\redis\clients\jedis\2.9.0\jedis-2.9.0.jar;D:\bdqn\Y2\01-maven-code\localRepository\org\slf4j\slf4j-api\1.7.25\slf4j-api-1.7.25.jar;D:\bdqn\Y2\01-maven-code\localRepository\com\puppycrawl\tools\checkstyle\8.3\checkstyle-8.3.jar;D:\bdqn\Y2\01-maven-code\localRepository\antlr\antlr\2.7.7\antlr-2.7.7.jar;D:\bdqn\Y2\01-maven-code\localRepository\org\antlr\antlr4-runtime\4.7\antlr4-runtime-4.7.jar;D:\bdqn\Y2\01-maven-code\localRepository\commons-cli\commons-cli\1.4\commons-cli-1.4.jar;D:\bdqn\Y2\01-maven-code\localRepository\com\google\guava\guava\23.0\guava-23.0.jar;D:\bdqn\Y2\01-maven-code\localRepository\com\google\code\findbugs\jsr305\1.3.9\jsr305-1.3.9.jar;D:\bdqn\Y2\01-maven-code\localRepository\com\google\errorprone\error_prone_annotations\2.0.18\error_prone_annotations-2.0.18.jar;D:\bdqn\Y2\01-maven-code\localRepository\com\google\j2objc\j2objc-annotations\1.1\j2objc-annotations-1.1.jar;D:\bdqn\Y2\01-maven-code\localRepository\org\codehaus\mojo\animal-sniffer-annotations\1.14\animal-sniffer-annotations-1.14.jar;D:\bdqn\Y2\01-maven-code\localRepository\net\sf\saxon\Saxon-HE\9.8.0-4\Saxon-HE-9.8.0-4.jar;C:\Program Files\Java\jdk1.8.0_162\jre\..\lib\tools.jar;D:\bdqn\Y2\01-maven-code\localRepository\com\github\theborakompanioni\thymeleaf-extras-shiro\2.0.0\thymeleaf-extras-shiro-2.0.0.jar;D:\bdqn\Y2\01-maven-code\localRepository\com\cuisongliu\kaptcha-spring-boot-autoconfigure\1.3\kaptcha-spring-boot-autoconfigure-1.3.jar;D:\bdqn\Y2\01-maven-code\localRepository\com\github\penggle\kaptcha\2.3.2\kaptcha-2.3.2.jar;D:\bdqn\Y2\01-maven-code\localRepository\com\jhlabs\filters\2.0.235-1\filters-2.0.235-1.jar;D:\bdqn\Y2\01-maven-code\localRepository\org\springframework\boot\spring-boot-devtools\2.0.3.RELEASE\spring-boot-devtools-2.0.3.RELEASE.jar;D:\bdqn\Y2\01-maven-code\localRepository\org\springframework\boot\spring-boot\2.0.3.RELEASE\spring-boot-2.0.3.RELEASE.jar;D:\bdqn\Y2\01-maven-code\localRepository\org\springframework\boot\spring-boot-starter-data-redis\2.0.3.RELEASE\spring-boot-starter-data-redis-2.0.3.RELEASE.jar;D:\bdqn\Y2\01-maven-code\localRepository\org\springframework\data\spring-data-redis\2.0.8.RELEASE\spring-data-redis-2.0.8.RELEASE.jar;D:\bdqn\Y2\01-maven-code\localRepository\org\springframework\data\spring-data-keyvalue\2.0.8.RELEASE\spring-data-keyvalue-2.0.8.RELEASE.jar;D:\bdqn\Y2\01-maven-code\localRepository\org\springframework\data\spring-data-commons\2.0.8.RELEASE\spring-data-commons-2.0.8.RELEASE.jar;D:\bdqn\Y2\01-maven-code\localRepository\org\springframework\spring-tx\5.0.7.RELEASE\spring-tx-5.0.7.RELEASE.jar;D:\bdqn\Y2\01-maven-code\localRepository\org\springframework\spring-oxm\5.0.7.RELEASE\spring-oxm-5.0.7.RELEASE.jar;D:\bdqn\Y2\01-maven-code\localRepository\io\lettuce\lettuce-core\5.0.4.RELEASE\lettuce-core-5.0.4.RELEASE.jar;D:\bdqn\Y2\01-maven-code\localRepository\io\projectreactor\reactor-core\3.1.8.RELEASE\reactor-core-3.1.8.RELEASE.jar;D:\bdqn\Y2\01-maven-code\localRepository\org\reactivestreams\reactive-streams\1.0.2\reactive-streams-1.0.2.jar;D:\bdqn\Y2\01-maven-code\localRepository\io\netty\netty-common\4.1.25.Final\netty-common-4.1.25.Final.jar;D:\bdqn\Y2\01-maven-code\localRepository\io\netty\netty-transport\4.1.25.Final\netty-transport-4.1.25.Final.jar;D:\bdqn\Y2\01-maven-code\localRepository\io\netty\netty-buffer\4.1.25.Final\netty-buffer-4.1.25.Final.jar;D:\bdqn\Y2\01-maven-code\localRepository\io\netty\netty-resolver\4.1.25.Final\netty-resolver-4.1.25.Final.jar;D:\bdqn\Y2\01-maven-code\localRepository\io\netty\netty-handler\4.1.25.Final\netty-handler-4.1.25.Final.jar;D:\bdqn\Y2\01-maven-code\localRepository\io\netty\netty-codec\4.1.25.Final\netty-codec-4.1.25.Final.jar;D:\bdqn\Y2\01-maven-code\localRepository\org\apache\commons\commons-pool2\2.5.0\commons-pool2-2.5.0.jar;"/>
    <property name="sun.cpu.endian" value="little"/>
    <property name="user.home" value="C:\Users\团"/>
    <property name="user.language" value="zh"/>
    <property name="java.specification.vendor" value="Oracle Corporation"/>
    <property name="java.home" value="C:\Program Files\Java\jdk1.8.0_162\jre"/>
    <property name="basedir" value="D:\Y2\yunhans"/>
    <property name="file.separator" value="\"/>
    <property name="line.separator" value="&#10;"/>
    <property name="java.vm.specification.vendor" value="Oracle Corporation"/>
    <property name="java.specification.name" value="Java Platform API Specification"/>
    <property name="java.awt.graphicsenv" value="sun.awt.Win32GraphicsEnvironment"/>
    <property name="surefire.real.class.path" value="C:\Users\团\AppData\Local\Temp\surefire2330734214180840391\surefirebooter7603921692513462009.jar"/>
    <property name="sun.boot.class.path" value="C:\Program Files\Java\jdk1.8.0_162\jre\lib\resources.jar;C:\Program Files\Java\jdk1.8.0_162\jre\lib\rt.jar;C:\Program Files\Java\jdk1.8.0_162\jre\lib\sunrsasign.jar;C:\Program Files\Java\jdk1.8.0_162\jre\lib\jsse.jar;C:\Program Files\Java\jdk1.8.0_162\jre\lib\jce.jar;C:\Program Files\Java\jdk1.8.0_162\jre\lib\charsets.jar;C:\Program Files\Java\jdk1.8.0_162\jre\lib\jfr.jar;C:\Program Files\Java\jdk1.8.0_162\jre\classes"/>
    <property name="user.script" value=""/>
    <property name="sun.management.compiler" value="HotSpot 64-Bit Tiered Compilers"/>
    <property name="java.runtime.version" value="1.8.0_162-b12"/>
    <property name="user.name" value="团"/>
    <property name="path.separator" value=";"/>
    <property name="os.version" value="10.0"/>
    <property name="java.endorsed.dirs" value="C:\Program Files\Java\jdk1.8.0_162\jre\lib\endorsed"/>
    <property name="java.runtime.name" value="Java(TM) SE Runtime Environment"/>
    <property name="file.encoding" value="GBK"/>
    <property name="java.vm.name" value="Java HotSpot(TM) 64-Bit Server VM"/>
    <property name="localRepository" value="D:\bdqn\Y2\01-maven-code\localRepository"/>
    <property name="java.vendor.url.bug" value="http://bugreport.sun.com/bugreport/"/>
    <property name="java.io.tmpdir" value="C:\Users\团\AppData\Local\Temp\"/>
    <property name="java.version" value="1.8.0_162"/>
    <property name="user.dir" value="D:\Y2\yunhans"/>
    <property name="os.arch" value="amd64"/>
    <property name="java.vm.specification.name" value="Java Virtual Machine Specification"/>
    <property name="java.awt.printerjob" value="sun.awt.windows.WPrinterJob"/>
    <property name="idea.version2019.3.1" value="true"/>
    <property name="sun.os.patch.level" value=""/>
    <property name="java.library.path" value="C:\Program Files\Java\jdk1.8.0_162\jre\bin;C:\Windows\Sun\Java\bin;C:\Windows\system32;C:\Windows;C:\ProgramData\Oracle\Java\javapath;C:\Windows\system32;C:\Windows;C:\Windows\System32\Wbem;C:\Windows\System32\WindowsPowerShell\v1.0\;C:\Windows\System32\OpenSSH\;C:\Program Files (x86)\NVIDIA Corporation\PhysX\Common;C:\Program Files\NVIDIA Corporation\NVIDIA NvDLISR;C:\Microsoft SQL Servers\100\Tools\Binn\;C:\Microsoft SQL Server\100\Tools\Binn\;C:\Microsoft SQL Server\100\DTS\Binn\;C:\Microsoft SQL Servers\100\Tools\Binn\VSShell\Common7\IDE\;C:\Program Files (x86)\Microsoft Visual Studio 9.0\Common7\IDE\PrivateAssemblies\;C:\Microsoft SQL Servers\100\DTS\Binn\;C:\Program Files\Microsoft\Web Platform Installer\;C:\Program Files (x86)\Microsoft ASP.NET\ASP.NET Web Pages\v1.0\;C:\Program Files (x86)\Windows Kits\8.0\Windows Performance Toolkit\;C:\Program Files\Microsoft SQL Server\110\Tools\Binn\;C:\Program Files\Java\jdk1.8.0_162\bin;C:\Program Files\Java\jdk1.8.0_162\jre\bin;D:\Server\MySQL\MySQL Server\bin;D:\MySQL\MySQL Server 5.5\bin;C:\Program Files (x86)\MySQL\MySQL Server 5.5\bin;C:\Program Files (x86)\MySQL\bin;C:\Program Files\TortoiseSVN\bin;C:\Program Files\Java\apache-maven-3.6.3\bin;C:\Program Files\Git\cmd;C:\Users\团\AppData\Local\Microsoft\WindowsApps;;."/>
    <property name="java.vm.info" value="mixed mode"/>
    <property name="java.vendor" value="Oracle Corporation"/>
    <property name="java.vm.version" value="25.162-b12"/>
    <property name="java.ext.dirs" value="C:\Program Files\Java\jdk1.8.0_162\jre\lib\ext;C:\Windows\Sun\Java\lib\ext"/>
    <property name="sun.io.unicode.encoding" value="UnicodeLittle"/>
    <property name="maven.repo.local" value="D:\bdqn\Y2\01-maven-code\localRepository"/>
    <property name="java.class.version" value="52.0"/>
  </properties>
  <testcase name="contextLoads" classname="com.yunhan.admin.AdminApplicationTests" time="0.58"/>
</testsuite>