<?xml version="1.0" encoding="UTF-8"?>
<testsuite xmlns:xsi="http://www.w3.org/2001/XMLSchema-instance" xsi:noNamespaceSchemaLocation="https://maven.apache.org/surefire/maven-surefire-plugin/xsd/surefire-test-report.xsd" name="com.yunhan.admin.AdminApplicationTests" time="7.083" tests="1" errors="1" skipped="0" failures="0">
  <properties>
    <property name="sun.desktop" value="windows"/>
    <property name="awt.toolkit" value="sun.awt.windows.WToolkit"/>
    <property name="file.encoding.pkg" value="sun.io"/>
    <property name="java.specification.version" value="1.8"/>
    <property name="sun.cpu.isalist" value="amd64"/>
    <property name="sun.jnu.encoding" value="GBK"/>
    <property name="java.class.path" value="D:\bdqn\Y2\02-SpringBoot\yunhan\target\test-classes;D:\bdqn\Y2\02-SpringBoot\yunhan\target\classes;D:\bdqn\Y2\01-maven-code\localRepository\org\springframework\boot\spring-boot-starter-thymeleaf\2.0.3.RELEASE\spring-boot-starter-thymeleaf-2.0.3.RELEASE.jar;D:\bdqn\Y2\01-maven-code\localRepository\org\springframework\boot\spring-boot-starter\2.0.3.RELEASE\spring-boot-starter-2.0.3.RELEASE.jar;D:\bdqn\Y2\01-maven-code\localRepository\org\springframework\boot\spring-boot-starter-logging\2.0.3.RELEASE\spring-boot-starter-logging-2.0.3.RELEASE.jar;D:\bdqn\Y2\01-maven-code\localRepository\ch\qos\logback\logback-classic\1.2.3\logback-classic-1.2.3.jar;D:\bdqn\Y2\01-maven-code\localRepository\ch\qos\logback\logback-core\1.2.3\logback-core-1.2.3.jar;D:\bdqn\Y2\01-maven-code\localRepository\org\apache\logging\log4j\log4j-to-slf4j\2.10.0\log4j-to-slf4j-2.10.0.jar;D:\bdqn\Y2\01-maven-code\localRepository\org\apache\logging\log4j\log4j-api\2.10.0\log4j-api-2.10.0.jar;D:\bdqn\Y2\01-maven-code\localRepository\org\slf4j\jul-to-slf4j\1.7.25\jul-to-slf4j-1.7.25.jar;D:\bdqn\Y2\01-maven-code\localRepository\javax\annotation\javax.annotation-api\1.3.2\javax.annotation-api-1.3.2.jar;D:\bdqn\Y2\01-maven-code\localRepository\org\yaml\snakeyaml\1.19\snakeyaml-1.19.jar;D:\bdqn\Y2\01-maven-code\localRepository\org\thymeleaf\thymeleaf-spring5\3.0.9.RELEASE\thymeleaf-spring5-3.0.9.RELEASE.jar;D:\bdqn\Y2\01-maven-code\localRepository\org\thymeleaf\thymeleaf\3.0.9.RELEASE\thymeleaf-3.0.9.RELEASE.jar;D:\bdqn\Y2\01-maven-code\localRepository\org\attoparser\attoparser\2.0.4.RELEASE\attoparser-2.0.4.RELEASE.jar;D:\bdqn\Y2\01-maven-code\localRepository\org\unbescape\unbescape\1.1.5.RELEASE\unbescape-1.1.5.RELEASE.jar;D:\bdqn\Y2\01-maven-code\localRepository\org\slf4j\slf4j-api\1.7.25\slf4j-api-1.7.25.jar;D:\bdqn\Y2\01-maven-code\localRepository\org\thymeleaf\extras\thymeleaf-extras-java8time\3.0.1.RELEASE\thymeleaf-extras-java8time-3.0.1.RELEASE.jar;D:\bdqn\Y2\01-maven-code\localRepository\org\springframework\boot\spring-boot-starter-web\2.0.3.RELEASE\spring-boot-starter-web-2.0.3.RELEASE.jar;D:\bdqn\Y2\01-maven-code\localRepository\org\springframework\boot\spring-boot-starter-json\2.0.3.RELEASE\spring-boot-starter-json-2.0.3.RELEASE.jar;D:\bdqn\Y2\01-maven-code\localRepository\com\fasterxml\jackson\core\jackson-databind\2.9.6\jackson-databind-2.9.6.jar;D:\bdqn\Y2\01-maven-code\localRepository\com\fasterxml\jackson\core\jackson-annotations\2.9.0\jackson-annotations-2.9.0.jar;D:\bdqn\Y2\01-maven-code\localRepository\com\fasterxml\jackson\core\jackson-core\2.9.6\jackson-core-2.9.6.jar;D:\bdqn\Y2\01-maven-code\localRepository\com\fasterxml\jackson\datatype\jackson-datatype-jdk8\2.9.6\jackson-datatype-jdk8-2.9.6.jar;D:\bdqn\Y2\01-maven-code\localRepository\com\fasterxml\jackson\datatype\jackson-datatype-jsr310\2.9.6\jackson-datatype-jsr310-2.9.6.jar;D:\bdqn\Y2\01-maven-code\localRepository\com\fasterxml\jackson\module\jackson-module-parameter-names\2.9.6\jackson-module-parameter-names-2.9.6.jar;D:\bdqn\Y2\01-maven-code\localRepository\org\springframework\boot\spring-boot-starter-tomcat\2.0.3.RELEASE\spring-boot-starter-tomcat-2.0.3.RELEASE.jar;D:\bdqn\Y2\01-maven-code\localRepository\org\apache\tomcat\embed\tomcat-embed-core\8.5.31\tomcat-embed-core-8.5.31.jar;D:\bdqn\Y2\01-maven-code\localRepository\org\apache\tomcat\embed\tomcat-embed-el\8.5.31\tomcat-embed-el-8.5.31.jar;D:\bdqn\Y2\01-maven-code\localRepository\org\apache\tomcat\embed\tomcat-embed-websocket\8.5.31\tomcat-embed-websocket-8.5.31.jar;D:\bdqn\Y2\01-maven-code\localRepository\org\hibernate\validator\hibernate-validator\6.0.10.Final\hibernate-validator-6.0.10.Final.jar;D:\bdqn\Y2\01-maven-code\localRepository\javax\validation\validation-api\2.0.1.Final\validation-api-2.0.1.Final.jar;D:\bdqn\Y2\01-maven-code\localRepository\org\jboss\logging\jboss-logging\3.3.2.Final\jboss-logging-3.3.2.Final.jar;D:\bdqn\Y2\01-maven-code\localRepository\com\fasterxml\classmate\1.3.4\classmate-1.3.4.jar;D:\bdqn\Y2\01-maven-code\localRepository\org\springframework\spring-web\5.0.7.RELEASE\spring-web-5.0.7.RELEASE.jar;D:\bdqn\Y2\01-maven-code\localRepository\org\springframework\spring-webmvc\5.0.7.RELEASE\spring-webmvc-5.0.7.RELEASE.jar;D:\bdqn\Y2\01-maven-code\localRepository\org\springframework\spring-expression\5.0.7.RELEASE\spring-expression-5.0.7.RELEASE.jar;D:\bdqn\Y2\01-maven-code\localRepository\org\springframework\boot\spring-boot-starter-aop\2.0.3.RELEASE\spring-boot-starter-aop-2.0.3.RELEASE.jar;D:\bdqn\Y2\01-maven-code\localRepository\org\springframework\spring-aop\5.0.7.RELEASE\spring-aop-5.0.7.RELEASE.jar;D:\bdqn\Y2\01-maven-code\localRepository\org\aspectj\aspectjweaver\1.8.13\aspectjweaver-1.8.13.jar;D:\bdqn\Y2\01-maven-code\localRepository\org\springframework\spring-context-support\5.0.7.RELEASE\spring-context-support-5.0.7.RELEASE.jar;D:\bdqn\Y2\01-maven-code\localRepository\org\springframework\spring-beans\5.0.7.RELEASE\spring-beans-5.0.7.RELEASE.jar;D:\bdqn\Y2\01-maven-code\localRepository\org\springframework\spring-context\5.0.7.RELEASE\spring-context-5.0.7.RELEASE.jar;D:\bdqn\Y2\01-maven-code\localRepository\org\springframework\spring-core\5.0.7.RELEASE\spring-core-5.0.7.RELEASE.jar;D:\bdqn\Y2\01-maven-code\localRepository\org\springframework\spring-jcl\5.0.7.RELEASE\spring-jcl-5.0.7.RELEASE.jar;D:\bdqn\Y2\01-maven-code\localRepository\org\springframework\boot\spring-boot-starter-test\2.0.3.RELEASE\spring-boot-starter-test-2.0.3.RELEASE.jar;D:\bdqn\Y2\01-maven-code\localRepository\org\springframework\boot\spring-boot-test\2.0.3.RELEASE\spring-boot-test-2.0.3.RELEASE.jar;D:\bdqn\Y2\01-maven-code\localRepository\org\springframework\boot\spring-boot-test-autoconfigure\2.0.3.RELEASE\spring-boot-test-autoconfigure-2.0.3.RELEASE.jar;D:\bdqn\Y2\01-maven-code\localRepository\com\jayway\jsonpath\json-path\2.4.0\json-path-2.4.0.jar;D:\bdqn\Y2\01-maven-code\localRepository\net\minidev\json-smart\2.3\json-smart-2.3.jar;D:\bdqn\Y2\01-maven-code\localRepository\net\minidev\accessors-smart\1.2\accessors-smart-1.2.jar;D:\bdqn\Y2\01-maven-code\localRepository\org\ow2\asm\asm\5.0.4\asm-5.0.4.jar;D:\bdqn\Y2\01-maven-code\localRepository\junit\junit\4.12\junit-4.12.jar;D:\bdqn\Y2\01-maven-code\localRepository\org\assertj\assertj-core\3.9.1\assertj-core-3.9.1.jar;D:\bdqn\Y2\01-maven-code\localRepository\org\mockito\mockito-core\2.15.0\mockito-core-2.15.0.jar;D:\bdqn\Y2\01-maven-code\localRepository\net\bytebuddy\byte-buddy\1.7.11\byte-buddy-1.7.11.jar;D:\bdqn\Y2\01-maven-code\localRepository\net\bytebuddy\byte-buddy-agent\1.7.11\byte-buddy-agent-1.7.11.jar;D:\bdqn\Y2\01-maven-code\localRepository\org\objenesis\objenesis\2.6\objenesis-2.6.jar;D:\bdqn\Y2\01-maven-code\localRepository\org\hamcrest\hamcrest-core\1.3\hamcrest-core-1.3.jar;D:\bdqn\Y2\01-maven-code\localRepository\org\hamcrest\hamcrest-library\1.3\hamcrest-library-1.3.jar;D:\bdqn\Y2\01-maven-code\localRepository\org\skyscreamer\jsonassert\1.5.0\jsonassert-1.5.0.jar;D:\bdqn\Y2\01-maven-code\localRepository\com\vaadin\external\google\android-json\0.0.20131108.vaadin1\android-json-0.0.20131108.vaadin1.jar;D:\bdqn\Y2\01-maven-code\localRepository\org\springframework\spring-test\5.0.7.RELEASE\spring-test-5.0.7.RELEASE.jar;D:\bdqn\Y2\01-maven-code\localRepository\org\xmlunit\xmlunit-core\2.5.1\xmlunit-core-2.5.1.jar;D:\bdqn\Y2\01-maven-code\localRepository\mysql\mysql-connector-java\5.1.46\mysql-connector-java-5.1.46.jar;D:\bdqn\Y2\01-maven-code\localRepository\org\springframework\boot\spring-boot-starter-cache\2.0.3.RELEASE\spring-boot-starter-cache-2.0.3.RELEASE.jar;D:\bdqn\Y2\01-maven-code\localRepository\org\apache\commons\commons-lang3\3.4\commons-lang3-3.4.jar;D:\bdqn\Y2\01-maven-code\localRepository\commons-codec\commons-codec\1.11\commons-codec-1.11.jar;D:\bdqn\Y2\01-maven-code\localRepository\com\alibaba\fastjson\1.2.41\fastjson-1.2.41.jar;D:\bdqn\Y2\01-maven-code\localRepository\com\baomidou\mybatis-plus-boot-starter\3.0-RC1\mybatis-plus-boot-starter-3.0-RC1.jar;D:\bdqn\Y2\01-maven-code\localRepository\com\baomidou\mybatis-plus\3.0-RC1\mybatis-plus-3.0-RC1.jar;D:\bdqn\Y2\01-maven-code\localRepository\com\baomidou\mybatis-plus-extension\3.0-RC1\mybatis-plus-extension-3.0-RC1.jar;D:\bdqn\Y2\01-maven-code\localRepository\com\baomidou\mybatis-plus-core\3.0-RC1\mybatis-plus-core-3.0-RC1.jar;D:\bdqn\Y2\01-maven-code\localRepository\com\baomidou\mybatis-plus-annotation\3.0-RC1\mybatis-plus-annotation-3.0-RC1.jar;D:\bdqn\Y2\01-maven-code\localRepository\com\github\jsqlparser\jsqlparser\1.2\jsqlparser-1.2.jar;D:\bdqn\Y2\01-maven-code\localRepository\org\mybatis\mybatis-spring\1.3.2\mybatis-spring-1.3.2.jar;D:\bdqn\Y2\01-maven-code\localRepository\org\mybatis\mybatis\3.4.6\mybatis-3.4.6.jar;D:\bdqn\Y2\01-maven-code\localRepository\com\baomidou\mybatis-plus-generator\3.0-RC1\mybatis-plus-generator-3.0-RC1.jar;D:\bdqn\Y2\01-maven-code\localRepository\org\apache\velocity\velocity-engine-core\2.0\velocity-engine-core-2.0.jar;D:\bdqn\Y2\01-maven-code\localRepository\org\freemarker\freemarker\2.3.28\freemarker-2.3.28.jar;D:\bdqn\Y2\01-maven-code\localRepository\org\springframework\boot\spring-boot-autoconfigure\2.0.3.RELEASE\spring-boot-autoconfigure-2.0.3.RELEASE.jar;D:\bdqn\Y2\01-maven-code\localRepository\org\springframework\boot\spring-boot-starter-jdbc\2.0.3.RELEASE\spring-boot-starter-jdbc-2.0.3.RELEASE.jar;D:\bdqn\Y2\01-maven-code\localRepository\com\zaxxer\HikariCP\2.7.9\HikariCP-2.7.9.jar;D:\bdqn\Y2\01-maven-code\localRepository\org\springframework\spring-jdbc\5.0.7.RELEASE\spring-jdbc-5.0.7.RELEASE.jar;D:\bdqn\Y2\01-maven-code\localRepository\org\springframework\spring-tx\5.0.7.RELEASE\spring-tx-5.0.7.RELEASE.jar;D:\bdqn\Y2\01-maven-code\localRepository\org\springframework\boot\spring-boot-configuration-processor\2.0.3.RELEASE\spring-boot-configuration-processor-2.0.3.RELEASE.jar;D:\bdqn\Y2\01-maven-code\localRepository\org\apache\shiro\shiro-web\1.4.0\shiro-web-1.4.0.jar;D:\bdqn\Y2\01-maven-code\localRepository\org\apache\shiro\shiro-cas\1.4.0\shiro-cas-1.4.0.jar;D:\bdqn\Y2\01-maven-code\localRepository\org\jasig\cas\client\cas-client-core\3.2.2\cas-client-core-3.2.2.jar;D:\bdqn\Y2\01-maven-code\localRepository\commons-logging\commons-logging\1.1\commons-logging-1.1.jar;D:\bdqn\Y2\01-maven-code\localRepository\javax\servlet\servlet-api\2.3\servlet-api-2.3.jar;D:\bdqn\Y2\01-maven-code\localRepository\org\apache\shiro\shiro-core\1.4.0\shiro-core-1.4.0.jar;D:\bdqn\Y2\01-maven-code\localRepository\org\apache\shiro\shiro-lang\1.4.0\shiro-lang-1.4.0.jar;D:\bdqn\Y2\01-maven-code\localRepository\org\apache\shiro\shiro-cache\1.4.0\shiro-cache-1.4.0.jar;D:\bdqn\Y2\01-maven-code\localRepository\org\apache\shiro\shiro-crypto-hash\1.4.0\shiro-crypto-hash-1.4.0.jar;D:\bdqn\Y2\01-maven-code\localRepository\org\apache\shiro\shiro-crypto-core\1.4.0\shiro-crypto-core-1.4.0.jar;D:\bdqn\Y2\01-maven-code\localRepository\org\apache\shiro\shiro-crypto-cipher\1.4.0\shiro-crypto-cipher-1.4.0.jar;D:\bdqn\Y2\01-maven-code\localRepository\org\apache\shiro\shiro-config-core\1.4.0\shiro-config-core-1.4.0.jar;D:\bdqn\Y2\01-maven-code\localRepository\org\apache\shiro\shiro-config-ogdl\1.4.0\shiro-config-ogdl-1.4.0.jar;D:\bdqn\Y2\01-maven-code\localRepository\commons-beanutils\commons-beanutils\1.9.3\commons-beanutils-1.9.3.jar;D:\bdqn\Y2\01-maven-code\localRepository\commons-collections\commons-collections\3.2.2\commons-collections-3.2.2.jar;D:\bdqn\Y2\01-maven-code\localRepository\org\apache\shiro\shiro-event\1.4.0\shiro-event-1.4.0.jar;D:\bdqn\Y2\01-maven-code\localRepository\org\apache\shiro\shiro-spring\1.4.0\shiro-spring-1.4.0.jar;D:\bdqn\Y2\01-maven-code\localRepository\org\apache\shiro\shiro-ehcache\1.4.0\shiro-ehcache-1.4.0.jar;D:\bdqn\Y2\01-maven-code\localRepository\net\sf\ehcache\ehcache-core\2.6.11\ehcache-core-2.6.11.jar;D:\bdqn\Y2\01-maven-code\localRepository\com\github\theborakompanioni\thymeleaf-extras-shiro\2.0.0\thymeleaf-extras-shiro-2.0.0.jar;D:\bdqn\Y2\01-maven-code\localRepository\com\cuisongliu\kaptcha-spring-boot-autoconfigure\1.3\kaptcha-spring-boot-autoconfigure-1.3.jar;D:\bdqn\Y2\01-maven-code\localRepository\com\github\penggle\kaptcha\2.3.2\kaptcha-2.3.2.jar;D:\bdqn\Y2\01-maven-code\localRepository\com\jhlabs\filters\2.0.235-1\filters-2.0.235-1.jar;D:\bdqn\Y2\01-maven-code\localRepository\org\springframework\boot\spring-boot-devtools\2.0.3.RELEASE\spring-boot-devtools-2.0.3.RELEASE.jar;D:\bdqn\Y2\01-maven-code\localRepository\org\springframework\boot\spring-boot\2.0.3.RELEASE\spring-boot-2.0.3.RELEASE.jar;"/>
    <property name="java.vm.vendor" value="Oracle Corporation"/>
    <property name="sun.arch.data.model" value="64"/>
    <property name="user.variant" value=""/>
    <property name="java.vendor.url" value="http://java.oracle.com/"/>
    <property name="user.timezone" value=""/>
    <property name="java.vm.specification.version" value="1.8"/>
    <property name="os.name" value="Windows 10"/>
    <property name="user.country" value="CN"/>
    <property name="sun.java.launcher" value="SUN_STANDARD"/>
    <property name="sun.boot.library.path" value="D:\java\jdk1.8.0_162\jre\bin"/>
    <property name="sun.java.command" value="C:\Users\haiwang\AppData\Local\Temp\surefire729944939445920298\surefirebooter4309473792937401498.jar C:\Users\haiwang\AppData\Local\Temp\surefire729944939445920298 2020-11-10T17-56-48_494-jvmRun1 surefire854665948416158799tmp surefire_02321975570201025062tmp"/>
    <property name="surefire.test.class.path" value="D:\bdqn\Y2\02-SpringBoot\yunhan\target\test-classes;D:\bdqn\Y2\02-SpringBoot\yunhan\target\classes;D:\bdqn\Y2\01-maven-code\localRepository\org\springframework\boot\spring-boot-starter-thymeleaf\2.0.3.RELEASE\spring-boot-starter-thymeleaf-2.0.3.RELEASE.jar;D:\bdqn\Y2\01-maven-code\localRepository\org\springframework\boot\spring-boot-starter\2.0.3.RELEASE\spring-boot-starter-2.0.3.RELEASE.jar;D:\bdqn\Y2\01-maven-code\localRepository\org\springframework\boot\spring-boot-starter-logging\2.0.3.RELEASE\spring-boot-starter-logging-2.0.3.RELEASE.jar;D:\bdqn\Y2\01-maven-code\localRepository\ch\qos\logback\logback-classic\1.2.3\logback-classic-1.2.3.jar;D:\bdqn\Y2\01-maven-code\localRepository\ch\qos\logback\logback-core\1.2.3\logback-core-1.2.3.jar;D:\bdqn\Y2\01-maven-code\localRepository\org\apache\logging\log4j\log4j-to-slf4j\2.10.0\log4j-to-slf4j-2.10.0.jar;D:\bdqn\Y2\01-maven-code\localRepository\org\apache\logging\log4j\log4j-api\2.10.0\log4j-api-2.10.0.jar;D:\bdqn\Y2\01-maven-code\localRepository\org\slf4j\jul-to-slf4j\1.7.25\jul-to-slf4j-1.7.25.jar;D:\bdqn\Y2\01-maven-code\localRepository\javax\annotation\javax.annotation-api\1.3.2\javax.annotation-api-1.3.2.jar;D:\bdqn\Y2\01-maven-code\localRepository\org\yaml\snakeyaml\1.19\snakeyaml-1.19.jar;D:\bdqn\Y2\01-maven-code\localRepository\org\thymeleaf\thymeleaf-spring5\3.0.9.RELEASE\thymeleaf-spring5-3.0.9.RELEASE.jar;D:\bdqn\Y2\01-maven-code\localRepository\org\thymeleaf\thymeleaf\3.0.9.RELEASE\thymeleaf-3.0.9.RELEASE.jar;D:\bdqn\Y2\01-maven-code\localRepository\org\attoparser\attoparser\2.0.4.RELEASE\attoparser-2.0.4.RELEASE.jar;D:\bdqn\Y2\01-maven-code\localRepository\org\unbescape\unbescape\1.1.5.RELEASE\unbescape-1.1.5.RELEASE.jar;D:\bdqn\Y2\01-maven-code\localRepository\org\slf4j\slf4j-api\1.7.25\slf4j-api-1.7.25.jar;D:\bdqn\Y2\01-maven-code\localRepository\org\thymeleaf\extras\thymeleaf-extras-java8time\3.0.1.RELEASE\thymeleaf-extras-java8time-3.0.1.RELEASE.jar;D:\bdqn\Y2\01-maven-code\localRepository\org\springframework\boot\spring-boot-starter-web\2.0.3.RELEASE\spring-boot-starter-web-2.0.3.RELEASE.jar;D:\bdqn\Y2\01-maven-code\localRepository\org\springframework\boot\spring-boot-starter-json\2.0.3.RELEASE\spring-boot-starter-json-2.0.3.RELEASE.jar;D:\bdqn\Y2\01-maven-code\localRepository\com\fasterxml\jackson\core\jackson-databind\2.9.6\jackson-databind-2.9.6.jar;D:\bdqn\Y2\01-maven-code\localRepository\com\fasterxml\jackson\core\jackson-annotations\2.9.0\jackson-annotations-2.9.0.jar;D:\bdqn\Y2\01-maven-code\localRepository\com\fasterxml\jackson\core\jackson-core\2.9.6\jackson-core-2.9.6.jar;D:\bdqn\Y2\01-maven-code\localRepository\com\fasterxml\jackson\datatype\jackson-datatype-jdk8\2.9.6\jackson-datatype-jdk8-2.9.6.jar;D:\bdqn\Y2\01-maven-code\localRepository\com\fasterxml\jackson\datatype\jackson-datatype-jsr310\2.9.6\jackson-datatype-jsr310-2.9.6.jar;D:\bdqn\Y2\01-maven-code\localRepository\com\fasterxml\jackson\module\jackson-module-parameter-names\2.9.6\jackson-module-parameter-names-2.9.6.jar;D:\bdqn\Y2\01-maven-code\localRepository\org\springframework\boot\spring-boot-starter-tomcat\2.0.3.RELEASE\spring-boot-starter-tomcat-2.0.3.RELEASE.jar;D:\bdqn\Y2\01-maven-code\localRepository\org\apache\tomcat\embed\tomcat-embed-core\8.5.31\tomcat-embed-core-8.5.31.jar;D:\bdqn\Y2\01-maven-code\localRepository\org\apache\tomcat\embed\tomcat-embed-el\8.5.31\tomcat-embed-el-8.5.31.jar;D:\bdqn\Y2\01-maven-code\localRepository\org\apache\tomcat\embed\tomcat-embed-websocket\8.5.31\tomcat-embed-websocket-8.5.31.jar;D:\bdqn\Y2\01-maven-code\localRepository\org\hibernate\validator\hibernate-validator\6.0.10.Final\hibernate-validator-6.0.10.Final.jar;D:\bdqn\Y2\01-maven-code\localRepository\javax\validation\validation-api\2.0.1.Final\validation-api-2.0.1.Final.jar;D:\bdqn\Y2\01-maven-code\localRepository\org\jboss\logging\jboss-logging\3.3.2.Final\jboss-logging-3.3.2.Final.jar;D:\bdqn\Y2\01-maven-code\localRepository\com\fasterxml\classmate\1.3.4\classmate-1.3.4.jar;D:\bdqn\Y2\01-maven-code\localRepository\org\springframework\spring-web\5.0.7.RELEASE\spring-web-5.0.7.RELEASE.jar;D:\bdqn\Y2\01-maven-code\localRepository\org\springframework\spring-webmvc\5.0.7.RELEASE\spring-webmvc-5.0.7.RELEASE.jar;D:\bdqn\Y2\01-maven-code\localRepository\org\springframework\spring-expression\5.0.7.RELEASE\spring-expression-5.0.7.RELEASE.jar;D:\bdqn\Y2\01-maven-code\localRepository\org\springframework\boot\spring-boot-starter-aop\2.0.3.RELEASE\spring-boot-starter-aop-2.0.3.RELEASE.jar;D:\bdqn\Y2\01-maven-code\localRepository\org\springframework\spring-aop\5.0.7.RELEASE\spring-aop-5.0.7.RELEASE.jar;D:\bdqn\Y2\01-maven-code\localRepository\org\aspectj\aspectjweaver\1.8.13\aspectjweaver-1.8.13.jar;D:\bdqn\Y2\01-maven-code\localRepository\org\springframework\spring-context-support\5.0.7.RELEASE\spring-context-support-5.0.7.RELEASE.jar;D:\bdqn\Y2\01-maven-code\localRepository\org\springframework\spring-beans\5.0.7.RELEASE\spring-beans-5.0.7.RELEASE.jar;D:\bdqn\Y2\01-maven-code\localRepository\org\springframework\spring-context\5.0.7.RELEASE\spring-context-5.0.7.RELEASE.jar;D:\bdqn\Y2\01-maven-code\localRepository\org\springframework\spring-core\5.0.7.RELEASE\spring-core-5.0.7.RELEASE.jar;D:\bdqn\Y2\01-maven-code\localRepository\org\springframework\spring-jcl\5.0.7.RELEASE\spring-jcl-5.0.7.RELEASE.jar;D:\bdqn\Y2\01-maven-code\localRepository\org\springframework\boot\spring-boot-starter-test\2.0.3.RELEASE\spring-boot-starter-test-2.0.3.RELEASE.jar;D:\bdqn\Y2\01-maven-code\localRepository\org\springframework\boot\spring-boot-test\2.0.3.RELEASE\spring-boot-test-2.0.3.RELEASE.jar;D:\bdqn\Y2\01-maven-code\localRepository\org\springframework\boot\spring-boot-test-autoconfigure\2.0.3.RELEASE\spring-boot-test-autoconfigure-2.0.3.RELEASE.jar;D:\bdqn\Y2\01-maven-code\localRepository\com\jayway\jsonpath\json-path\2.4.0\json-path-2.4.0.jar;D:\bdqn\Y2\01-maven-code\localRepository\net\minidev\json-smart\2.3\json-smart-2.3.jar;D:\bdqn\Y2\01-maven-code\localRepository\net\minidev\accessors-smart\1.2\accessors-smart-1.2.jar;D:\bdqn\Y2\01-maven-code\localRepository\org\ow2\asm\asm\5.0.4\asm-5.0.4.jar;D:\bdqn\Y2\01-maven-code\localRepository\junit\junit\4.12\junit-4.12.jar;D:\bdqn\Y2\01-maven-code\localRepository\org\assertj\assertj-core\3.9.1\assertj-core-3.9.1.jar;D:\bdqn\Y2\01-maven-code\localRepository\org\mockito\mockito-core\2.15.0\mockito-core-2.15.0.jar;D:\bdqn\Y2\01-maven-code\localRepository\net\bytebuddy\byte-buddy\1.7.11\byte-buddy-1.7.11.jar;D:\bdqn\Y2\01-maven-code\localRepository\net\bytebuddy\byte-buddy-agent\1.7.11\byte-buddy-agent-1.7.11.jar;D:\bdqn\Y2\01-maven-code\localRepository\org\objenesis\objenesis\2.6\objenesis-2.6.jar;D:\bdqn\Y2\01-maven-code\localRepository\org\hamcrest\hamcrest-core\1.3\hamcrest-core-1.3.jar;D:\bdqn\Y2\01-maven-code\localRepository\org\hamcrest\hamcrest-library\1.3\hamcrest-library-1.3.jar;D:\bdqn\Y2\01-maven-code\localRepository\org\skyscreamer\jsonassert\1.5.0\jsonassert-1.5.0.jar;D:\bdqn\Y2\01-maven-code\localRepository\com\vaadin\external\google\android-json\0.0.20131108.vaadin1\android-json-0.0.20131108.vaadin1.jar;D:\bdqn\Y2\01-maven-code\localRepository\org\springframework\spring-test\5.0.7.RELEASE\spring-test-5.0.7.RELEASE.jar;D:\bdqn\Y2\01-maven-code\localRepository\org\xmlunit\xmlunit-core\2.5.1\xmlunit-core-2.5.1.jar;D:\bdqn\Y2\01-maven-code\localRepository\mysql\mysql-connector-java\5.1.46\mysql-connector-java-5.1.46.jar;D:\bdqn\Y2\01-maven-code\localRepository\org\springframework\boot\spring-boot-starter-cache\2.0.3.RELEASE\spring-boot-starter-cache-2.0.3.RELEASE.jar;D:\bdqn\Y2\01-maven-code\localRepository\org\apache\commons\commons-lang3\3.4\commons-lang3-3.4.jar;D:\bdqn\Y2\01-maven-code\localRepository\commons-codec\commons-codec\1.11\commons-codec-1.11.jar;D:\bdqn\Y2\01-maven-code\localRepository\com\alibaba\fastjson\1.2.41\fastjson-1.2.41.jar;D:\bdqn\Y2\01-maven-code\localRepository\com\baomidou\mybatis-plus-boot-starter\3.0-RC1\mybatis-plus-boot-starter-3.0-RC1.jar;D:\bdqn\Y2\01-maven-code\localRepository\com\baomidou\mybatis-plus\3.0-RC1\mybatis-plus-3.0-RC1.jar;D:\bdqn\Y2\01-maven-code\localRepository\com\baomidou\mybatis-plus-extension\3.0-RC1\mybatis-plus-extension-3.0-RC1.jar;D:\bdqn\Y2\01-maven-code\localRepository\com\baomidou\mybatis-plus-core\3.0-RC1\mybatis-plus-core-3.0-RC1.jar;D:\bdqn\Y2\01-maven-code\localRepository\com\baomidou\mybatis-plus-annotation\3.0-RC1\mybatis-plus-annotation-3.0-RC1.jar;D:\bdqn\Y2\01-maven-code\localRepository\com\github\jsqlparser\jsqlparser\1.2\jsqlparser-1.2.jar;D:\bdqn\Y2\01-maven-code\localRepository\org\mybatis\mybatis-spring\1.3.2\mybatis-spring-1.3.2.jar;D:\bdqn\Y2\01-maven-code\localRepository\org\mybatis\mybatis\3.4.6\mybatis-3.4.6.jar;D:\bdqn\Y2\01-maven-code\localRepository\com\baomidou\mybatis-plus-generator\3.0-RC1\mybatis-plus-generator-3.0-RC1.jar;D:\bdqn\Y2\01-maven-code\localRepository\org\apache\velocity\velocity-engine-core\2.0\velocity-engine-core-2.0.jar;D:\bdqn\Y2\01-maven-code\localRepository\org\freemarker\freemarker\2.3.28\freemarker-2.3.28.jar;D:\bdqn\Y2\01-maven-code\localRepository\org\springframework\boot\spring-boot-autoconfigure\2.0.3.RELEASE\spring-boot-autoconfigure-2.0.3.RELEASE.jar;D:\bdqn\Y2\01-maven-code\localRepository\org\springframework\boot\spring-boot-starter-jdbc\2.0.3.RELEASE\spring-boot-starter-jdbc-2.0.3.RELEASE.jar;D:\bdqn\Y2\01-maven-code\localRepository\com\zaxxer\HikariCP\2.7.9\HikariCP-2.7.9.jar;D:\bdqn\Y2\01-maven-code\localRepository\org\springframework\spring-jdbc\5.0.7.RELEASE\spring-jdbc-5.0.7.RELEASE.jar;D:\bdqn\Y2\01-maven-code\localRepository\org\springframework\spring-tx\5.0.7.RELEASE\spring-tx-5.0.7.RELEASE.jar;D:\bdqn\Y2\01-maven-code\localRepository\org\springframework\boot\spring-boot-configuration-processor\2.0.3.RELEASE\spring-boot-configuration-processor-2.0.3.RELEASE.jar;D:\bdqn\Y2\01-maven-code\localRepository\org\apache\shiro\shiro-web\1.4.0\shiro-web-1.4.0.jar;D:\bdqn\Y2\01-maven-code\localRepository\org\apache\shiro\shiro-cas\1.4.0\shiro-cas-1.4.0.jar;D:\bdqn\Y2\01-maven-code\localRepository\org\jasig\cas\client\cas-client-core\3.2.2\cas-client-core-3.2.2.jar;D:\bdqn\Y2\01-maven-code\localRepository\commons-logging\commons-logging\1.1\commons-logging-1.1.jar;D:\bdqn\Y2\01-maven-code\localRepository\javax\servlet\servlet-api\2.3\servlet-api-2.3.jar;D:\bdqn\Y2\01-maven-code\localRepository\org\apache\shiro\shiro-core\1.4.0\shiro-core-1.4.0.jar;D:\bdqn\Y2\01-maven-code\localRepository\org\apache\shiro\shiro-lang\1.4.0\shiro-lang-1.4.0.jar;D:\bdqn\Y2\01-maven-code\localRepository\org\apache\shiro\shiro-cache\1.4.0\shiro-cache-1.4.0.jar;D:\bdqn\Y2\01-maven-code\localRepository\org\apache\shiro\shiro-crypto-hash\1.4.0\shiro-crypto-hash-1.4.0.jar;D:\bdqn\Y2\01-maven-code\localRepository\org\apache\shiro\shiro-crypto-core\1.4.0\shiro-crypto-core-1.4.0.jar;D:\bdqn\Y2\01-maven-code\localRepository\org\apache\shiro\shiro-crypto-cipher\1.4.0\shiro-crypto-cipher-1.4.0.jar;D:\bdqn\Y2\01-maven-code\localRepository\org\apache\shiro\shiro-config-core\1.4.0\shiro-config-core-1.4.0.jar;D:\bdqn\Y2\01-maven-code\localRepository\org\apache\shiro\shiro-config-ogdl\1.4.0\shiro-config-ogdl-1.4.0.jar;D:\bdqn\Y2\01-maven-code\localRepository\commons-beanutils\commons-beanutils\1.9.3\commons-beanutils-1.9.3.jar;D:\bdqn\Y2\01-maven-code\localRepository\commons-collections\commons-collections\3.2.2\commons-collections-3.2.2.jar;D:\bdqn\Y2\01-maven-code\localRepository\org\apache\shiro\shiro-event\1.4.0\shiro-event-1.4.0.jar;D:\bdqn\Y2\01-maven-code\localRepository\org\apache\shiro\shiro-spring\1.4.0\shiro-spring-1.4.0.jar;D:\bdqn\Y2\01-maven-code\localRepository\org\apache\shiro\shiro-ehcache\1.4.0\shiro-ehcache-1.4.0.jar;D:\bdqn\Y2\01-maven-code\localRepository\net\sf\ehcache\ehcache-core\2.6.11\ehcache-core-2.6.11.jar;D:\bdqn\Y2\01-maven-code\localRepository\com\github\theborakompanioni\thymeleaf-extras-shiro\2.0.0\thymeleaf-extras-shiro-2.0.0.jar;D:\bdqn\Y2\01-maven-code\localRepository\com\cuisongliu\kaptcha-spring-boot-autoconfigure\1.3\kaptcha-spring-boot-autoconfigure-1.3.jar;D:\bdqn\Y2\01-maven-code\localRepository\com\github\penggle\kaptcha\2.3.2\kaptcha-2.3.2.jar;D:\bdqn\Y2\01-maven-code\localRepository\com\jhlabs\filters\2.0.235-1\filters-2.0.235-1.jar;D:\bdqn\Y2\01-maven-code\localRepository\org\springframework\boot\spring-boot-devtools\2.0.3.RELEASE\spring-boot-devtools-2.0.3.RELEASE.jar;D:\bdqn\Y2\01-maven-code\localRepository\org\springframework\boot\spring-boot\2.0.3.RELEASE\spring-boot-2.0.3.RELEASE.jar;"/>
    <property name="sun.cpu.endian" value="little"/>
    <property name="user.home" value="C:\Users\haiwang"/>
    <property name="user.language" value="zh"/>
    <property name="java.specification.vendor" value="Oracle Corporation"/>
    <property name="java.home" value="D:\java\jdk1.8.0_162\jre"/>
    <property name="basedir" value="D:\bdqn\Y2\02-SpringBoot\yunhan"/>
    <property name="file.separator" value="\"/>
    <property name="line.separator" value="&#10;"/>
    <property name="java.vm.specification.vendor" value="Oracle Corporation"/>
    <property name="java.specification.name" value="Java Platform API Specification"/>
    <property name="java.awt.graphicsenv" value="sun.awt.Win32GraphicsEnvironment"/>
    <property name="surefire.real.class.path" value="C:\Users\haiwang\AppData\Local\Temp\surefire729944939445920298\surefirebooter4309473792937401498.jar"/>
    <property name="sun.boot.class.path" value="D:\java\jdk1.8.0_162\jre\lib\resources.jar;D:\java\jdk1.8.0_162\jre\lib\rt.jar;D:\java\jdk1.8.0_162\jre\lib\sunrsasign.jar;D:\java\jdk1.8.0_162\jre\lib\jsse.jar;D:\java\jdk1.8.0_162\jre\lib\jce.jar;D:\java\jdk1.8.0_162\jre\lib\charsets.jar;D:\java\jdk1.8.0_162\jre\lib\jfr.jar;D:\java\jdk1.8.0_162\jre\classes"/>
    <property name="user.script" value=""/>
    <property name="sun.management.compiler" value="HotSpot 64-Bit Tiered Compilers"/>
    <property name="java.runtime.version" value="1.8.0_162-b12"/>
    <property name="user.name" value="haiwang"/>
    <property name="path.separator" value=";"/>
    <property name="os.version" value="10.0"/>
    <property name="java.endorsed.dirs" value="D:\java\jdk1.8.0_162\jre\lib\endorsed"/>
    <property name="java.runtime.name" value="Java(TM) SE Runtime Environment"/>
    <property name="file.encoding" value="GBK"/>
    <property name="java.vm.name" value="Java HotSpot(TM) 64-Bit Server VM"/>
    <property name="localRepository" value="D:\bdqn\Y2\01-maven-code\localRepository"/>
    <property name="java.vendor.url.bug" value="http://bugreport.sun.com/bugreport/"/>
    <property name="java.io.tmpdir" value="C:\Users\haiwang\AppData\Local\Temp\"/>
    <property name="idea.version" value="2020.2.3"/>
    <property name="java.version" value="1.8.0_162"/>
    <property name="user.dir" value="D:\bdqn\Y2\02-SpringBoot\yunhan"/>
    <property name="os.arch" value="amd64"/>
    <property name="java.vm.specification.name" value="Java Virtual Machine Specification"/>
    <property name="java.awt.printerjob" value="sun.awt.windows.WPrinterJob"/>
    <property name="sun.os.patch.level" value=""/>
    <property name="java.library.path" value="D:\java\jdk1.8.0_162\jre\bin;C:\WINDOWS\Sun\Java\bin;C:\WINDOWS\system32;C:\WINDOWS;C:\ProgramData\Oracle\Java\javapath;C:\WINDOWS\system32;C:\WINDOWS;C:\WINDOWS\System32\Wbem;C:\WINDOWS\System32\WindowsPowerShell\v1.0\;C:\WINDOWS\System32\OpenSSH\;E:\mysql\bin;D:\java\jdk1.8.0_162\bin;D:\java\jdk1.8.0_162\jre\bin;C:\Program Files\TortoiseSVN\bin;D:\工具\apache-tomcat-9.0.39\bin;D:\工具\maven\apache-maven-3.6.0\bin;C:\Users\haiwang\AppData\Local\Microsoft\WindowsApps;;."/>
    <property name="java.vm.info" value="mixed mode"/>
    <property name="java.vendor" value="Oracle Corporation"/>
    <property name="java.vm.version" value="25.162-b12"/>
    <property name="java.ext.dirs" value="D:\java\jdk1.8.0_162\jre\lib\ext;C:\WINDOWS\Sun\Java\lib\ext"/>
    <property name="sun.io.unicode.encoding" value="UnicodeLittle"/>
    <property name="maven.repo.local" value="D:\bdqn\Y2\01-maven-code\localRepository"/>
    <property name="java.class.version" value="52.0"/>
  </properties>
  <testcase name="contextLoads" classname="com.yunhan.admin.AdminApplicationTests" time="0.002">
    <error message="Failed to load ApplicationContext" type="java.lang.IllegalStateException">java.lang.IllegalStateException: Failed to load ApplicationContext
Caused by: org.springframework.beans.factory.BeanCreationException: Error creating bean with name 'captchaController': Injection of resource dependencies failed; nested exception is org.springframework.beans.factory.NoUniqueBeanDefinitionException: No qualifying bean of type 'com.google.code.kaptcha.Producer' available: expected single matching bean but found 2: captchaProducer,kaptcha
Caused by: org.springframework.beans.factory.NoUniqueBeanDefinitionException: No qualifying bean of type 'com.google.code.kaptcha.Producer' available: expected single matching bean but found 2: captchaProducer,kaptcha
</error>
    <system-out><![CDATA[17:56:50,062 |-INFO in ch.qos.logback.classic.LoggerContext[default] - Could NOT find resource [logback-test.xml]
17:56:50,062 |-INFO in ch.qos.logback.classic.LoggerContext[default] - Could NOT find resource [logback.groovy]
17:56:50,062 |-INFO in ch.qos.logback.classic.LoggerContext[default] - Found resource [logback.xml] at [file:/D:/bdqn/Y2/02-SpringBoot/yunhan/target/classes/logback.xml]
17:56:50,171 |-INFO in ch.qos.logback.classic.joran.action.ConfigurationAction - debug attribute not set
17:56:50,181 |-INFO in ch.qos.logback.classic.joran.action.ConfigurationAction - Will scan for changes in [file:/D:/bdqn/Y2/02-SpringBoot/yunhan/target/classes/logback.xml] 
17:56:50,181 |-INFO in ch.qos.logback.classic.joran.action.ConfigurationAction - Setting ReconfigureOnChangeTask scanning period to 10 seconds
17:56:50,191 |-INFO in ch.qos.logback.core.joran.action.ConversionRuleAction - registering conversion word clr with class [org.springframework.boot.logging.logback.ColorConverter]
17:56:50,191 |-INFO in ch.qos.logback.core.joran.action.ConversionRuleAction - registering conversion word wex with class [org.springframework.boot.logging.logback.WhitespaceThrowableProxyConverter]
17:56:50,191 |-INFO in ch.qos.logback.core.joran.action.ConversionRuleAction - registering conversion word wEx with class [org.springframework.boot.logging.logback.ExtendedWhitespaceThrowableProxyConverter]
17:56:50,191 |-INFO in ch.qos.logback.core.joran.action.AppenderAction - About to instantiate appender of type [ch.qos.logback.core.ConsoleAppender]
17:56:50,201 |-INFO in ch.qos.logback.core.joran.action.AppenderAction - Naming appender as [CONSOLE]
17:56:50,211 |-INFO in ch.qos.logback.core.joran.action.NestedComplexPropertyIA - Assuming default type [ch.qos.logback.classic.encoder.PatternLayoutEncoder] for [encoder] property
17:56:50,261 |-INFO in ch.qos.logback.core.joran.action.AppenderAction - About to instantiate appender of type [ch.qos.logback.core.rolling.RollingFileAppender]
17:56:50,261 |-INFO in ch.qos.logback.core.joran.action.AppenderAction - Naming appender as [DEBUG_FILE]
17:56:50,271 |-INFO in ch.qos.logback.core.joran.action.NestedComplexPropertyIA - Assuming default type [ch.qos.logback.classic.encoder.PatternLayoutEncoder] for [encoder] property
17:56:50,281 |-INFO in c.q.l.core.rolling.TimeBasedRollingPolicy@1337344609 - No compression will be used
17:56:50,281 |-INFO in c.q.l.core.rolling.TimeBasedRollingPolicy@1337344609 - Will use the pattern LOG_PATH_IS_UNDEFINED/debug/log-debug-%d{yyyy-MM-dd}.%i.log for the active file
17:56:50,281 |-INFO in ch.qos.logback.core.rolling.SizeAndTimeBasedFNATP@42607a4f - The date pattern is 'yyyy-MM-dd' from file name pattern 'LOG_PATH_IS_UNDEFINED/debug/log-debug-%d{yyyy-MM-dd}.%i.log'.
17:56:50,281 |-INFO in ch.qos.logback.core.rolling.SizeAndTimeBasedFNATP@42607a4f - Roll-over at midnight.
17:56:50,291 |-INFO in ch.qos.logback.core.rolling.SizeAndTimeBasedFNATP@42607a4f - Setting initial period to Tue Nov 10 15:27:45 CST 2020
17:56:50,291 |-WARN in ch.qos.logback.core.rolling.SizeAndTimeBasedFNATP@42607a4f - SizeAndTimeBasedFNATP is deprecated. Use SizeAndTimeBasedRollingPolicy instead
17:56:50,291 |-WARN in ch.qos.logback.core.rolling.SizeAndTimeBasedFNATP@42607a4f - For more information see http://logback.qos.ch/manual/appenders.html#SizeAndTimeBasedRollingPolicy
17:56:50,291 |-INFO in ch.qos.logback.core.rolling.RollingFileAppender[DEBUG_FILE] - Active log file name: LOG_PATH_IS_UNDEFINED/log_debug.log
17:56:50,291 |-INFO in ch.qos.logback.core.rolling.RollingFileAppender[DEBUG_FILE] - File property is set to [LOG_PATH_IS_UNDEFINED/log_debug.log]
17:56:50,301 |-INFO in ch.qos.logback.core.joran.action.AppenderAction - About to instantiate appender of type [ch.qos.logback.core.rolling.RollingFileAppender]
17:56:50,301 |-INFO in ch.qos.logback.core.joran.action.AppenderAction - Naming appender as [INFO_FILE]
17:56:50,301 |-INFO in ch.qos.logback.core.joran.action.NestedComplexPropertyIA - Assuming default type [ch.qos.logback.classic.encoder.PatternLayoutEncoder] for [encoder] property
17:56:50,301 |-INFO in c.q.l.core.rolling.TimeBasedRollingPolicy@2015781843 - No compression will be used
17:56:50,301 |-INFO in c.q.l.core.rolling.TimeBasedRollingPolicy@2015781843 - Will use the pattern LOG_PATH_IS_UNDEFINED/info/log-info-%d{yyyy-MM-dd}.%i.log for the active file
17:56:50,301 |-INFO in ch.qos.logback.core.rolling.SizeAndTimeBasedFNATP@1990a65e - The date pattern is 'yyyy-MM-dd' from file name pattern 'LOG_PATH_IS_UNDEFINED/info/log-info-%d{yyyy-MM-dd}.%i.log'.
17:56:50,301 |-INFO in ch.qos.logback.core.rolling.SizeAndTimeBasedFNATP@1990a65e - Roll-over at midnight.
17:56:50,301 |-INFO in ch.qos.logback.core.rolling.SizeAndTimeBasedFNATP@1990a65e - Setting initial period to Tue Nov 10 15:27:49 CST 2020
17:56:50,301 |-WARN in ch.qos.logback.core.rolling.SizeAndTimeBasedFNATP@1990a65e - SizeAndTimeBasedFNATP is deprecated. Use SizeAndTimeBasedRollingPolicy instead
17:56:50,301 |-WARN in ch.qos.logback.core.rolling.SizeAndTimeBasedFNATP@1990a65e - For more information see http://logback.qos.ch/manual/appenders.html#SizeAndTimeBasedRollingPolicy
17:56:50,301 |-INFO in ch.qos.logback.core.rolling.RollingFileAppender[INFO_FILE] - Active log file name: LOG_PATH_IS_UNDEFINED/log_info.log
17:56:50,301 |-INFO in ch.qos.logback.core.rolling.RollingFileAppender[INFO_FILE] - File property is set to [LOG_PATH_IS_UNDEFINED/log_info.log]
17:56:50,301 |-INFO in ch.qos.logback.core.joran.action.AppenderAction - About to instantiate appender of type [ch.qos.logback.core.rolling.RollingFileAppender]
17:56:50,301 |-INFO in ch.qos.logback.core.joran.action.AppenderAction - Naming appender as [WARN_FILE]
17:56:50,301 |-INFO in ch.qos.logback.core.joran.action.NestedComplexPropertyIA - Assuming default type [ch.qos.logback.classic.encoder.PatternLayoutEncoder] for [encoder] property
17:56:50,311 |-INFO in c.q.l.core.rolling.TimeBasedRollingPolicy@1682463303 - No compression will be used
17:56:50,311 |-INFO in c.q.l.core.rolling.TimeBasedRollingPolicy@1682463303 - Will use the pattern LOG_PATH_IS_UNDEFINED/warn/log-warn-%d{yyyy-MM-dd}.%i.log for the active file
17:56:50,311 |-INFO in ch.qos.logback.core.rolling.SizeAndTimeBasedFNATP@25bbf683 - The date pattern is 'yyyy-MM-dd' from file name pattern 'LOG_PATH_IS_UNDEFINED/warn/log-warn-%d{yyyy-MM-dd}.%i.log'.
17:56:50,311 |-INFO in ch.qos.logback.core.rolling.SizeAndTimeBasedFNATP@25bbf683 - Roll-over at midnight.
17:56:50,311 |-INFO in ch.qos.logback.core.rolling.SizeAndTimeBasedFNATP@25bbf683 - Setting initial period to Tue Nov 10 15:27:49 CST 2020
17:56:50,311 |-WARN in ch.qos.logback.core.rolling.SizeAndTimeBasedFNATP@25bbf683 - SizeAndTimeBasedFNATP is deprecated. Use SizeAndTimeBasedRollingPolicy instead
17:56:50,311 |-WARN in ch.qos.logback.core.rolling.SizeAndTimeBasedFNATP@25bbf683 - For more information see http://logback.qos.ch/manual/appenders.html#SizeAndTimeBasedRollingPolicy
17:56:50,311 |-INFO in ch.qos.logback.core.rolling.RollingFileAppender[WARN_FILE] - Active log file name: LOG_PATH_IS_UNDEFINED/log_warn.log
17:56:50,311 |-INFO in ch.qos.logback.core.rolling.RollingFileAppender[WARN_FILE] - File property is set to [LOG_PATH_IS_UNDEFINED/log_warn.log]
17:56:50,311 |-INFO in ch.qos.logback.core.joran.action.AppenderAction - About to instantiate appender of type [ch.qos.logback.core.rolling.RollingFileAppender]
17:56:50,311 |-INFO in ch.qos.logback.core.joran.action.AppenderAction - Naming appender as [ERROR_FILE]
17:56:50,311 |-INFO in ch.qos.logback.core.joran.action.NestedComplexPropertyIA - Assuming default type [ch.qos.logback.classic.encoder.PatternLayoutEncoder] for [encoder] property
17:56:50,311 |-INFO in c.q.l.core.rolling.TimeBasedRollingPolicy@1858609436 - No compression will be used
17:56:50,311 |-INFO in c.q.l.core.rolling.TimeBasedRollingPolicy@1858609436 - Will use the pattern LOG_PATH_IS_UNDEFINED/error/log-error-%d{yyyy-MM-dd}.%i.log for the active file
17:56:50,311 |-INFO in ch.qos.logback.core.rolling.SizeAndTimeBasedFNATP@7276c8cd - The date pattern is 'yyyy-MM-dd' from file name pattern 'LOG_PATH_IS_UNDEFINED/error/log-error-%d{yyyy-MM-dd}.%i.log'.
17:56:50,311 |-INFO in ch.qos.logback.core.rolling.SizeAndTimeBasedFNATP@7276c8cd - Roll-over at midnight.
17:56:50,311 |-INFO in ch.qos.logback.core.rolling.SizeAndTimeBasedFNATP@7276c8cd - Setting initial period to Tue Nov 10 15:27:49 CST 2020
17:56:50,311 |-WARN in ch.qos.logback.core.rolling.SizeAndTimeBasedFNATP@7276c8cd - SizeAndTimeBasedFNATP is deprecated. Use SizeAndTimeBasedRollingPolicy instead
17:56:50,311 |-WARN in ch.qos.logback.core.rolling.SizeAndTimeBasedFNATP@7276c8cd - For more information see http://logback.qos.ch/manual/appenders.html#SizeAndTimeBasedRollingPolicy
17:56:50,321 |-INFO in ch.qos.logback.core.rolling.RollingFileAppender[ERROR_FILE] - Active log file name: LOG_PATH_IS_UNDEFINED/log_error.log
17:56:50,321 |-INFO in ch.qos.logback.core.rolling.RollingFileAppender[ERROR_FILE] - File property is set to [LOG_PATH_IS_UNDEFINED/log_error.log]
17:56:50,321 |-INFO in ch.qos.logback.classic.joran.action.LoggerAction - Setting level of logger [org.springframework.web] to INFO
17:56:50,321 |-INFO in ch.qos.logback.classic.joran.action.LoggerAction - Setting level of logger [org.springframework.scheduling.annotation.ScheduledAnnotationBeanPostProcessor] to INFO
17:56:50,321 |-INFO in ch.qos.logback.classic.joran.action.LoggerAction - Setting level of logger [com.yunhan] to DEBUG
17:56:50,321 |-INFO in ch.qos.logback.classic.joran.action.RootLoggerAction - Setting level of ROOT logger to INFO
17:56:50,321 |-INFO in ch.qos.logback.core.joran.action.AppenderRefAction - Attaching appender named [CONSOLE] to Logger[ROOT]
17:56:50,321 |-INFO in ch.qos.logback.core.joran.action.AppenderRefAction - Attaching appender named [DEBUG_FILE] to Logger[ROOT]
17:56:50,321 |-INFO in ch.qos.logback.core.joran.action.AppenderRefAction - Attaching appender named [INFO_FILE] to Logger[ROOT]
17:56:50,321 |-INFO in ch.qos.logback.core.joran.action.AppenderRefAction - Attaching appender named [WARN_FILE] to Logger[ROOT]
17:56:50,321 |-INFO in ch.qos.logback.core.joran.action.AppenderRefAction - Attaching appender named [ERROR_FILE] to Logger[ROOT]
17:56:50,321 |-INFO in ch.qos.logback.classic.joran.action.ConfigurationAction - End of configuration.
17:56:50,321 |-INFO in ch.qos.logback.classic.joran.JoranConfigurator@544a2ea6 - Registering current configuration as safe fallback point

2020-11-10 17:56:50.591  INFO   --- [           main] .b.t.c.SpringBootTestContextBootstrapper : Neither @ContextConfiguration nor @ContextHierarchy found for test class [com.yunhan.admin.AdminApplicationTests], using SpringBootContextLoader
2020-11-10 17:56:50.621  INFO   --- [           main] o.s.t.c.support.AbstractContextLoader    : Could not detect default resource locations for test class [com.yunhan.admin.AdminApplicationTests]: no resource found for suffixes {-context.xml, Context.groovy}.
2020-11-10 17:56:50.621  INFO   --- [           main] t.c.s.AnnotationConfigContextLoaderUtils : Could not detect default configuration classes for test class [com.yunhan.admin.AdminApplicationTests]: AdminApplicationTests does not declare any static, non-private, non-final, nested classes annotated with @Configuration.
2020-11-10 17:56:50.821  INFO   --- [           main] .b.t.c.SpringBootTestContextBootstrapper : Found @SpringBootConfiguration com.yunhan.AdminApplication for test class com.yunhan.admin.AdminApplicationTests
2020-11-10 17:56:51.061  INFO   --- [           main] .b.t.c.SpringBootTestContextBootstrapper : Loaded default TestExecutionListener class names from location [META-INF/spring.factories]: [org.springframework.boot.test.mock.mockito.MockitoTestExecutionListener, org.springframework.boot.test.mock.mockito.ResetMocksTestExecutionListener, org.springframework.boot.test.autoconfigure.restdocs.RestDocsTestExecutionListener, org.springframework.boot.test.autoconfigure.web.client.MockRestServiceServerResetTestExecutionListener, org.springframework.boot.test.autoconfigure.web.servlet.MockMvcPrintOnlyOnFailureTestExecutionListener, org.springframework.boot.test.autoconfigure.web.servlet.WebDriverTestExecutionListener, org.springframework.test.context.web.ServletTestExecutionListener, org.springframework.test.context.support.DirtiesContextBeforeModesTestExecutionListener, org.springframework.test.context.support.DependencyInjectionTestExecutionListener, org.springframework.test.context.support.DirtiesContextTestExecutionListener, org.springframework.test.context.transaction.TransactionalTestExecutionListener, org.springframework.test.context.jdbc.SqlScriptsTestExecutionListener]
2020-11-10 17:56:51.101  INFO   --- [           main] .b.t.c.SpringBootTestContextBootstrapper : Using TestExecutionListeners: [org.springframework.test.context.web.ServletTestExecutionListener@1b11171f, org.springframework.test.context.support.DirtiesContextBeforeModesTestExecutionListener@1151e434, org.springframework.boot.test.mock.mockito.MockitoTestExecutionListener@2dc54ad4, org.springframework.boot.test.autoconfigure.SpringBootDependencyInjectionTestExecutionListener@4659191b, org.springframework.test.context.support.DirtiesContextTestExecutionListener@55634720, org.springframework.test.context.transaction.TransactionalTestExecutionListener@4b0d79fc, org.springframework.test.context.jdbc.SqlScriptsTestExecutionListener@4c1909a3, org.springframework.boot.test.mock.mockito.ResetMocksTestExecutionListener@428640fa, org.springframework.boot.test.autoconfigure.restdocs.RestDocsTestExecutionListener@d9345cd, org.springframework.boot.test.autoconfigure.web.client.MockRestServiceServerResetTestExecutionListener@2d710f1a, org.springframework.boot.test.autoconfigure.web.servlet.MockMvcPrintOnlyOnFailureTestExecutionListener@29215f06, org.springframework.boot.test.autoconfigure.web.servlet.WebDriverTestExecutionListener@59505b48]
 .----------------.   .----------------.   .----------------.   .----------------.
| .--------------. | | .--------------. | | .--------------. | | .--------------. |
| |  ____  ____  | | | |    _______   | | | |     _____    | | | |  _________   | |
| | |_  _||_  _| | | | |   /  ___  |  | | | |    |_   _|   | | | | |  _   _  |  | |
| |   \ \  / /   | | | |  |  (__ \_|  | | | |      | |     | | | | |_/ | | \_|  | |
| |    > `' <    | | | |   '.___`-.   | | | |      | |     | | | |     | |      | |
| |  _/ /'`\ \_  | | | |  |`\____) |  | | | |     _| |_    | | | |    _| |_     | |
| | |____||____| | | | |  |_______.'  | | | |    |_____|   | | | |   |_____|    | |
| |              | | | |              | | | |              | | | |              | |
| '--------------' | | '--------------' | | '--------------' | | '--------------' |
 '----------------'   '----------------'   '----------------'   '----------------'
2020-11-10 17:56:51.997  INFO 8356 --- [           main] com.yunhan.admin.AdminApplicationTests   : Starting AdminApplicationTests on DESKTOP-1RVJCMU with PID 8356 (started by haiwang in D:\bdqn\Y2\02-SpringBoot\yunhan)
2020-11-10 17:56:51.997  INFO 8356 --- [           main] com.yunhan.admin.AdminApplicationTests   : The following profiles are active: dev
2020-11-10 17:56:52.077  INFO 8356 --- [           main] o.s.w.c.s.GenericWebApplicationContext   : Refreshing org.springframework.web.context.support.GenericWebApplicationContext@106cc338: startup date [Tue Nov 10 17:56:52 CST 2020]; root of context hierarchy
2020-11-10 17:56:54.476  INFO 8356 --- [           main] trationDelegate$BeanPostProcessorChecker : Bean 'shiroConfig' of type [com.yunhan.common.config.ShiroConfig$$EnhancerBySpringCGLIB$$36afac2c] is not eligible for getting processed by all BeanPostProcessors (for example: not eligible for auto-proxying)
2020-11-10 17:56:54.656  INFO 8356 --- [           main] trationDelegate$BeanPostProcessorChecker : Bean 'authRealm' of type [com.yunhan.common.realm.AuthRealm] is not eligible for getting processed by all BeanPostProcessors (for example: not eligible for auto-proxying)
2020-11-10 17:56:54.666  INFO 8356 --- [           main] com.yunhan.common.config.ShiroConfig     : - - - - - - -shiro开始加载- - - - - - 
2020-11-10 17:56:55.755  INFO 8356 --- [           main] trationDelegate$BeanPostProcessorChecker : Bean 'rememberMeCookie' of type [org.apache.shiro.web.servlet.SimpleCookie] is not eligible for getting processed by all BeanPostProcessors (for example: not eligible for auto-proxying)
2020-11-10 17:56:55.765  INFO 8356 --- [           main] trationDelegate$BeanPostProcessorChecker : Bean 'rememberMeManager' of type [org.apache.shiro.web.mgt.CookieRememberMeManager] is not eligible for getting processed by all BeanPostProcessors (for example: not eligible for auto-proxying)
2020-11-10 17:56:55.785  INFO 8356 --- [           main] trationDelegate$BeanPostProcessorChecker : Bean 'webSessionManager' of type [org.apache.shiro.web.session.mgt.DefaultWebSessionManager] is not eligible for getting processed by all BeanPostProcessors (for example: not eligible for auto-proxying)
2020-11-10 17:56:56.105  INFO 8356 --- [           main] trationDelegate$BeanPostProcessorChecker : Bean 'cacheManager' of type [org.apache.shiro.cache.ehcache.EhCacheManager] is not eligible for getting processed by all BeanPostProcessors (for example: not eligible for auto-proxying)
2020-11-10 17:56:56.105  INFO 8356 --- [           main] o.a.shiro.cache.ehcache.EhCacheManager   : Cache with name 'com.yunhan.common.realm.AuthRealm.authorizationCache' does not yet exist.  Creating now.
2020-11-10 17:56:56.105  INFO 8356 --- [           main] o.a.shiro.cache.ehcache.EhCacheManager   : Added EhCache named [com.yunhan.common.realm.AuthRealm.authorizationCache]
2020-11-10 17:56:56.125  INFO 8356 --- [           main] trationDelegate$BeanPostProcessorChecker : Bean 'securityManager' of type [org.apache.shiro.web.mgt.DefaultWebSecurityManager] is not eligible for getting processed by all BeanPostProcessors (for example: not eligible for auto-proxying)
2020-11-10 17:56:56.205  INFO 8356 --- [           main] trationDelegate$BeanPostProcessorChecker : Bean 'authorizationAttributeSourceAdvisor' of type [org.apache.shiro.spring.security.interceptor.AuthorizationAttributeSourceAdvisor] is not eligible for getting processed by all BeanPostProcessors (for example: not eligible for auto-proxying)
2020-11-10 17:56:56.305  INFO 8356 --- [           main] trationDelegate$BeanPostProcessorChecker : Bean 'org.springframework.transaction.annotation.ProxyTransactionManagementConfiguration' of type [org.springframework.transaction.annotation.ProxyTransactionManagementConfiguration$$EnhancerBySpringCGLIB$$70f6097b] is not eligible for getting processed by all BeanPostProcessors (for example: not eligible for auto-proxying)
2020-11-10 17:56:56.735  WARN 8356 --- [           main] o.s.w.c.s.GenericWebApplicationContext   : Exception encountered during context initialization - cancelling refresh attempt: org.springframework.beans.factory.BeanCreationException: Error creating bean with name 'captchaController': Injection of resource dependencies failed; nested exception is org.springframework.beans.factory.NoUniqueBeanDefinitionException: No qualifying bean of type 'com.google.code.kaptcha.Producer' available: expected single matching bean but found 2: captchaProducer,kaptcha
2020-11-10 17:56:56.785  INFO 8356 --- [           main] ConditionEvaluationReportLoggingListener : 

Error starting ApplicationContext. To display the conditions report re-run your application with 'debug' enabled.
2020-11-10 17:56:56.795 ERROR 8356 --- [           main] o.s.boot.SpringApplication               : Application run failed

org.springframework.beans.factory.BeanCreationException: Error creating bean with name 'captchaController': Injection of resource dependencies failed; nested exception is org.springframework.beans.factory.NoUniqueBeanDefinitionException: No qualifying bean of type 'com.google.code.kaptcha.Producer' available: expected single matching bean but found 2: captchaProducer,kaptcha
	at org.springframework.context.annotation.CommonAnnotationBeanPostProcessor.postProcessPropertyValues(CommonAnnotationBeanPostProcessor.java:321)
	at org.springframework.beans.factory.support.AbstractAutowireCapableBeanFactory.populateBean(AbstractAutowireCapableBeanFactory.java:1350)
	at org.springframework.beans.factory.support.AbstractAutowireCapableBeanFactory.doCreateBean(AbstractAutowireCapableBeanFactory.java:580)
	at org.springframework.beans.factory.support.AbstractAutowireCapableBeanFactory.createBean(AbstractAutowireCapableBeanFactory.java:503)
	at org.springframework.beans.factory.support.AbstractBeanFactory.lambda$doGetBean$0(AbstractBeanFactory.java:317)
	at org.springframework.beans.factory.support.DefaultSingletonBeanRegistry.getSingleton(DefaultSingletonBeanRegistry.java:222)
	at org.springframework.beans.factory.support.AbstractBeanFactory.doGetBean(AbstractBeanFactory.java:315)
	at org.springframework.beans.factory.support.AbstractBeanFactory.getBean(AbstractBeanFactory.java:199)
	at org.springframework.beans.factory.support.DefaultListableBeanFactory.preInstantiateSingletons(DefaultListableBeanFactory.java:760)
	at org.springframework.context.support.AbstractApplicationContext.finishBeanFactoryInitialization(AbstractApplicationContext.java:869)
	at org.springframework.context.support.AbstractApplicationContext.refresh(AbstractApplicationContext.java:550)
	at org.springframework.boot.SpringApplication.refresh(SpringApplication.java:759)
	at org.springframework.boot.SpringApplication.refreshContext(SpringApplication.java:395)
	at org.springframework.boot.SpringApplication.run(SpringApplication.java:327)
	at org.springframework.boot.test.context.SpringBootContextLoader.loadContext(SpringBootContextLoader.java:139)
	at org.springframework.test.context.cache.DefaultCacheAwareContextLoaderDelegate.loadContextInternal(DefaultCacheAwareContextLoaderDelegate.java:99)
	at org.springframework.test.context.cache.DefaultCacheAwareContextLoaderDelegate.loadContext(DefaultCacheAwareContextLoaderDelegate.java:117)
	at org.springframework.test.context.support.DefaultTestContext.getApplicationContext(DefaultTestContext.java:108)
	at org.springframework.test.context.web.ServletTestExecutionListener.setUpRequestContextIfNecessary(ServletTestExecutionListener.java:190)
	at org.springframework.test.context.web.ServletTestExecutionListener.prepareTestInstance(ServletTestExecutionListener.java:132)
	at org.springframework.test.context.TestContextManager.prepareTestInstance(TestContextManager.java:246)
	at org.springframework.test.context.junit4.SpringJUnit4ClassRunner.createTest(SpringJUnit4ClassRunner.java:227)
	at org.springframework.test.context.junit4.SpringJUnit4ClassRunner$1.runReflectiveCall(SpringJUnit4ClassRunner.java:289)
	at org.junit.internal.runners.model.ReflectiveCallable.run(ReflectiveCallable.java:12)
	at org.springframework.test.context.junit4.SpringJUnit4ClassRunner.methodBlock(SpringJUnit4ClassRunner.java:291)
	at org.springframework.test.context.junit4.SpringJUnit4ClassRunner.runChild(SpringJUnit4ClassRunner.java:246)
	at org.springframework.test.context.junit4.SpringJUnit4ClassRunner.runChild(SpringJUnit4ClassRunner.java:97)
	at org.junit.runners.ParentRunner$3.run(ParentRunner.java:290)
	at org.junit.runners.ParentRunner$1.schedule(ParentRunner.java:71)
	at org.junit.runners.ParentRunner.runChildren(ParentRunner.java:288)
	at org.junit.runners.ParentRunner.access$000(ParentRunner.java:58)
	at org.junit.runners.ParentRunner$2.evaluate(ParentRunner.java:268)
	at org.springframework.test.context.junit4.statements.RunBeforeTestClassCallbacks.evaluate(RunBeforeTestClassCallbacks.java:61)
	at org.springframework.test.context.junit4.statements.RunAfterTestClassCallbacks.evaluate(RunAfterTestClassCallbacks.java:70)
	at org.junit.runners.ParentRunner.run(ParentRunner.java:363)
	at org.springframework.test.context.junit4.SpringJUnit4ClassRunner.run(SpringJUnit4ClassRunner.java:190)
	at org.apache.maven.surefire.junit4.JUnit4Provider.execute(JUnit4Provider.java:365)
	at org.apache.maven.surefire.junit4.JUnit4Provider.executeWithRerun(JUnit4Provider.java:273)
	at org.apache.maven.surefire.junit4.JUnit4Provider.executeTestSet(JUnit4Provider.java:238)
	at org.apache.maven.surefire.junit4.JUnit4Provider.invoke(JUnit4Provider.java:159)
	at org.apache.maven.surefire.booter.ForkedBooter.invokeProviderInSameClassLoader(ForkedBooter.java:379)
	at org.apache.maven.surefire.booter.ForkedBooter.runSuitesInProcess(ForkedBooter.java:340)
	at org.apache.maven.surefire.booter.ForkedBooter.execute(ForkedBooter.java:125)
	at org.apache.maven.surefire.booter.ForkedBooter.main(ForkedBooter.java:413)
Caused by: org.springframework.beans.factory.NoUniqueBeanDefinitionException: No qualifying bean of type 'com.google.code.kaptcha.Producer' available: expected single matching bean but found 2: captchaProducer,kaptcha
	at org.springframework.beans.factory.config.DependencyDescriptor.resolveNotUnique(DependencyDescriptor.java:215)
	at org.springframework.beans.factory.support.DefaultListableBeanFactory.doResolveDependency(DefaultListableBeanFactory.java:1116)
	at org.springframework.beans.factory.support.DefaultListableBeanFactory.resolveDependency(DefaultListableBeanFactory.java:1065)
	at org.springframework.context.annotation.CommonAnnotationBeanPostProcessor.autowireResource(CommonAnnotationBeanPostProcessor.java:506)
	at org.springframework.context.annotation.CommonAnnotationBeanPostProcessor.getResource(CommonAnnotationBeanPostProcessor.java:484)
	at org.springframework.context.annotation.CommonAnnotationBeanPostProcessor$ResourceElement.getResourceToInject(CommonAnnotationBeanPostProcessor.java:618)
	at org.springframework.beans.factory.annotation.InjectionMetadata$InjectedElement.inject(InjectionMetadata.java:177)
	at org.springframework.beans.factory.annotation.InjectionMetadata.inject(InjectionMetadata.java:91)
	at org.springframework.context.annotation.CommonAnnotationBeanPostProcessor.postProcessPropertyValues(CommonAnnotationBeanPostProcessor.java:318)
	... 43 common frames omitted

2020-11-10 17:56:56.795 ERROR 8356 --- [           main] o.s.test.context.TestContextManager      : Caught exception while allowing TestExecutionListener [org.springframework.test.context.web.ServletTestExecutionListener@1b11171f] to prepare test instance [com.yunhan.admin.AdminApplicationTests@7a04fea7]

java.lang.IllegalStateException: Failed to load ApplicationContext
	at org.springframework.test.context.cache.DefaultCacheAwareContextLoaderDelegate.loadContext(DefaultCacheAwareContextLoaderDelegate.java:125)
	at org.springframework.test.context.support.DefaultTestContext.getApplicationContext(DefaultTestContext.java:108)
	at org.springframework.test.context.web.ServletTestExecutionListener.setUpRequestContextIfNecessary(ServletTestExecutionListener.java:190)
	at org.springframework.test.context.web.ServletTestExecutionListener.prepareTestInstance(ServletTestExecutionListener.java:132)
	at org.springframework.test.context.TestContextManager.prepareTestInstance(TestContextManager.java:246)
	at org.springframework.test.context.junit4.SpringJUnit4ClassRunner.createTest(SpringJUnit4ClassRunner.java:227)
	at org.springframework.test.context.junit4.SpringJUnit4ClassRunner$1.runReflectiveCall(SpringJUnit4ClassRunner.java:289)
	at org.junit.internal.runners.model.ReflectiveCallable.run(ReflectiveCallable.java:12)
	at org.springframework.test.context.junit4.SpringJUnit4ClassRunner.methodBlock(SpringJUnit4ClassRunner.java:291)
	at org.springframework.test.context.junit4.SpringJUnit4ClassRunner.runChild(SpringJUnit4ClassRunner.java:246)
	at org.springframework.test.context.junit4.SpringJUnit4ClassRunner.runChild(SpringJUnit4ClassRunner.java:97)
	at org.junit.runners.ParentRunner$3.run(ParentRunner.java:290)
	at org.junit.runners.ParentRunner$1.schedule(ParentRunner.java:71)
	at org.junit.runners.ParentRunner.runChildren(ParentRunner.java:288)
	at org.junit.runners.ParentRunner.access$000(ParentRunner.java:58)
	at org.junit.runners.ParentRunner$2.evaluate(ParentRunner.java:268)
	at org.springframework.test.context.junit4.statements.RunBeforeTestClassCallbacks.evaluate(RunBeforeTestClassCallbacks.java:61)
	at org.springframework.test.context.junit4.statements.RunAfterTestClassCallbacks.evaluate(RunAfterTestClassCallbacks.java:70)
	at org.junit.runners.ParentRunner.run(ParentRunner.java:363)
	at org.springframework.test.context.junit4.SpringJUnit4ClassRunner.run(SpringJUnit4ClassRunner.java:190)
	at org.apache.maven.surefire.junit4.JUnit4Provider.execute(JUnit4Provider.java:365)
	at org.apache.maven.surefire.junit4.JUnit4Provider.executeWithRerun(JUnit4Provider.java:273)
	at org.apache.maven.surefire.junit4.JUnit4Provider.executeTestSet(JUnit4Provider.java:238)
	at org.apache.maven.surefire.junit4.JUnit4Provider.invoke(JUnit4Provider.java:159)
	at org.apache.maven.surefire.booter.ForkedBooter.invokeProviderInSameClassLoader(ForkedBooter.java:379)
	at org.apache.maven.surefire.booter.ForkedBooter.runSuitesInProcess(ForkedBooter.java:340)
	at org.apache.maven.surefire.booter.ForkedBooter.execute(ForkedBooter.java:125)
	at org.apache.maven.surefire.booter.ForkedBooter.main(ForkedBooter.java:413)
Caused by: org.springframework.beans.factory.BeanCreationException: Error creating bean with name 'captchaController': Injection of resource dependencies failed; nested exception is org.springframework.beans.factory.NoUniqueBeanDefinitionException: No qualifying bean of type 'com.google.code.kaptcha.Producer' available: expected single matching bean but found 2: captchaProducer,kaptcha
	at org.springframework.context.annotation.CommonAnnotationBeanPostProcessor.postProcessPropertyValues(CommonAnnotationBeanPostProcessor.java:321)
	at org.springframework.beans.factory.support.AbstractAutowireCapableBeanFactory.populateBean(AbstractAutowireCapableBeanFactory.java:1350)
	at org.springframework.beans.factory.support.AbstractAutowireCapableBeanFactory.doCreateBean(AbstractAutowireCapableBeanFactory.java:580)
	at org.springframework.beans.factory.support.AbstractAutowireCapableBeanFactory.createBean(AbstractAutowireCapableBeanFactory.java:503)
	at org.springframework.beans.factory.support.AbstractBeanFactory.lambda$doGetBean$0(AbstractBeanFactory.java:317)
	at org.springframework.beans.factory.support.DefaultSingletonBeanRegistry.getSingleton(DefaultSingletonBeanRegistry.java:222)
	at org.springframework.beans.factory.support.AbstractBeanFactory.doGetBean(AbstractBeanFactory.java:315)
	at org.springframework.beans.factory.support.AbstractBeanFactory.getBean(AbstractBeanFactory.java:199)
	at org.springframework.beans.factory.support.DefaultListableBeanFactory.preInstantiateSingletons(DefaultListableBeanFactory.java:760)
	at org.springframework.context.support.AbstractApplicationContext.finishBeanFactoryInitialization(AbstractApplicationContext.java:869)
	at org.springframework.context.support.AbstractApplicationContext.refresh(AbstractApplicationContext.java:550)
	at org.springframework.boot.SpringApplication.refresh(SpringApplication.java:759)
	at org.springframework.boot.SpringApplication.refreshContext(SpringApplication.java:395)
	at org.springframework.boot.SpringApplication.run(SpringApplication.java:327)
	at org.springframework.boot.test.context.SpringBootContextLoader.loadContext(SpringBootContextLoader.java:139)
	at org.springframework.test.context.cache.DefaultCacheAwareContextLoaderDelegate.loadContextInternal(DefaultCacheAwareContextLoaderDelegate.java:99)
	at org.springframework.test.context.cache.DefaultCacheAwareContextLoaderDelegate.loadContext(DefaultCacheAwareContextLoaderDelegate.java:117)
	... 27 common frames omitted
Caused by: org.springframework.beans.factory.NoUniqueBeanDefinitionException: No qualifying bean of type 'com.google.code.kaptcha.Producer' available: expected single matching bean but found 2: captchaProducer,kaptcha
	at org.springframework.beans.factory.config.DependencyDescriptor.resolveNotUnique(DependencyDescriptor.java:215)
	at org.springframework.beans.factory.support.DefaultListableBeanFactory.doResolveDependency(DefaultListableBeanFactory.java:1116)
	at org.springframework.beans.factory.support.DefaultListableBeanFactory.resolveDependency(DefaultListableBeanFactory.java:1065)
	at org.springframework.context.annotation.CommonAnnotationBeanPostProcessor.autowireResource(CommonAnnotationBeanPostProcessor.java:506)
	at org.springframework.context.annotation.CommonAnnotationBeanPostProcessor.getResource(CommonAnnotationBeanPostProcessor.java:484)
	at org.springframework.context.annotation.CommonAnnotationBeanPostProcessor$ResourceElement.getResourceToInject(CommonAnnotationBeanPostProcessor.java:618)
	at org.springframework.beans.factory.annotation.InjectionMetadata$InjectedElement.inject(InjectionMetadata.java:177)
	at org.springframework.beans.factory.annotation.InjectionMetadata.inject(InjectionMetadata.java:91)
	at org.springframework.context.annotation.CommonAnnotationBeanPostProcessor.postProcessPropertyValues(CommonAnnotationBeanPostProcessor.java:318)
	... 43 common frames omitted

]]></system-out>
  </testcase>
</testsuite>